Building DAG of jobs...
Using shell: /usr/bin/bash
Provided cores: 2
Rules claiming more threads will be scaled down.
Provided resources: mem_mb=3038, mem_mib=2898, disk_mb=3038, disk_mib=2898
Select jobs to execute...

[Tue Oct 24 17:55:47 2023]
rule intersect_dbSNP:
    input: /lustre/groups/epigenereg01/workspace/projects/vale/MLM/GRASP/GRASP2meQTL_ids.tsv, /lustre/groups/epigenereg01/workspace/projects/vale/tools/dbSNP/GRCh38/00-common_all.vcf.gz
    output: /lustre/groups/epigenereg01/workspace/projects/vale/MLM/GRASP/GRASP2meQTL.hg38.bed
    jobid: 0
    reason: Missing output files: /lustre/groups/epigenereg01/workspace/projects/vale/MLM/GRASP/GRASP2meQTL.hg38.bed
    wildcards: QTLtype=meQTL
    resources: mem_mb=3038, mem_mib=2898, disk_mb=3038, disk_mib=2898, tmpdir=/tmp

Could not read: $/lustre/groups/epigenereg01/workspace/projects/vale/MLM/GRASP/GRASP2meQTL_ids.tsv
[Tue Oct 24 17:55:47 2023]
Error in rule intersect_dbSNP:
    jobid: 0
    input: /lustre/groups/epigenereg01/workspace/projects/vale/MLM/GRASP/GRASP2meQTL_ids.tsv, /lustre/groups/epigenereg01/workspace/projects/vale/tools/dbSNP/GRCh38/00-common_all.vcf.gz
    output: /lustre/groups/epigenereg01/workspace/projects/vale/MLM/GRASP/GRASP2meQTL.hg38.bed
    shell:
        
        bcftools view -i "ID=@$/lustre/groups/epigenereg01/workspace/projects/vale/MLM/GRASP/GRASP2meQTL_ids.tsv" -v  "snps,indels" --max-alleles 2 /lustre/groups/epigenereg01/workspace/projects/vale/tools/dbSNP/GRCh38/00-common_all.vcf.gz\
        |awk 'BEGIN{FS="\t";OFS="\t"}{print "chr"$1,$2-1,$2,"GT="$4"/"$5}' > /lustre/groups/epigenereg01/workspace/projects/vale/MLM/GRASP/GRASP2meQTL.hg38.bed
        
        (one of the commands exited with non-zero exit code; note that snakemake uses bash strict mode!)

Removing output files of failed job intersect_dbSNP since they might be corrupted:
/lustre/groups/epigenereg01/workspace/projects/vale/MLM/GRASP/GRASP2meQTL.hg38.bed
Shutting down, this might take some time.
Exiting because a job execution failed. Look above for error message
