mv: cannot stat '/lustre/groups/epigenereg01/workspace/projects/vale/mlm/models/zoonomia-3utr-FT/ntrans-v2-100m-3utr-2e//log': No such file or directory
job id: 31102523
grep: /lustre/groups/epigenereg01/workspace/projects/vale/mlm/models/zoonomia-3utr-FT/ntrans-v2-100m-3utr-2e//log: No such file or directory
grep: /lustre/groups/epigenereg01/workspace/projects/vale/mlm/models/zoonomia-3utr-FT/ntrans-v2-100m-3utr-2e//log: No such file or directory
grep: /lustre/groups/epigenereg01/workspace/projects/vale/mlm/models/zoonomia-3utr-FT/ntrans-v2-100m-3utr-2e//log: No such file or directory
grep: /lustre/groups/epigenereg01/workspace/projects/vale/mlm/models/zoonomia-3utr-FT/ntrans-v2-100m-3utr-2e//log: No such file or directory
grep: /lustre/groups/epigenereg01/workspace/projects/vale/mlm/models/zoonomia-3utr-FT/ntrans-v2-100m-3utr-2e//log: No such file or directory
grep: /lustre/groups/epigenereg01/workspace/projects/vale/mlm/models/zoonomia-3utr-FT/ntrans-v2-100m-3utr-2e//log: No such file or directory
grep: /lustre/groups/epigenereg01/workspace/projects/vale/mlm/models/zoonomia-3utr-FT/ntrans-v2-100m-3utr-2e//log: No such file or directory
mv: cannot stat '/lustre/groups/epigenereg01/workspace/projects/vale/mlm/models/zoonomia-3utr/ntrans-v2-100m-3utr-f//log': No such file or directory
job id: 31103104
grep: /lustre/groups/epigenereg01/workspace/projects/vale/mlm/models/zoonomia-3utr/ntrans-v2-100m-3utr-f//log: No such file or directory
grep: /lustre/groups/epigenereg01/workspace/projects/vale/mlm/models/zoonomia-3utr/ntrans-v2-100m-3utr-f//log: No such file or directory
grep: /lustre/groups/epigenereg01/workspace/projects/vale/mlm/models/zoonomia-3utr/ntrans-v2-100m-3utr-f//log: No such file or directory
grep: /lustre/groups/epigenereg01/workspace/projects/vale/mlm/models/zoonomia-3utr/ntrans-v2-100m-3utr-f//log: No such file or directory
grep: /lustre/groups/epigenereg01/workspace/projects/vale/mlm/models/zoonomia-3utr/ntrans-v2-100m-3utr-f//log: No such file or directory
grep: /lustre/groups/epigenereg01/workspace/projects/vale/mlm/models/zoonomia-3utr/ntrans-v2-100m-3utr-f//log: No such file or directory
grep: /lustre/groups/epigenereg01/workspace/projects/vale/mlm/models/zoonomia-3utr/ntrans-v2-100m-3utr-f//log: No such file or directory
grep: /lustre/groups/epigenereg01/workspace/projects/vale/mlm/models/zoonomia-3utr/ntrans-v2-100m-3utr-f//log: No such file or directory
grep: /lustre/groups/epigenereg01/workspace/projects/vale/mlm/models/zoonomia-3utr/ntrans-v2-100m-3utr-f//log: No such file or directory
grep: /lustre/groups/epigenereg01/workspace/projects/vale/mlm/models/zoonomia-3utr/ntrans-v2-100m-3utr-f//log: No such file or directory
grep: /lustre/groups/epigenereg01/workspace/projects/vale/mlm/models/zoonomia-3utr/ntrans-v2-100m-3utr-f//log: No such file or directory
grep: /lustre/groups/epigenereg01/workspace/projects/vale/mlm/models/zoonomia-3utr/ntrans-v2-100m-3utr-f//log: No such file or directory
grep: /lustre/groups/epigenereg01/workspace/projects/vale/mlm/models/zoonomia-3utr/ntrans-v2-100m-3utr-f//log: No such file or directory
grep: /lustre/groups/epigenereg01/workspace/projects/vale/mlm/models/zoonomia-3utr/ntrans-v2-100m-3utr-f//log: No such file or directory
grep: /lustre/groups/epigenereg01/workspace/projects/vale/mlm/models/zoonomia-3utr/ntrans-v2-100m-3utr-f//log: No such file or directory
grep: /lustre/groups/epigenereg01/workspace/projects/vale/mlm/models/zoonomia-3utr/ntrans-v2-100m-3utr-f//log: No such file or directory
grep: /lustre/groups/epigenereg01/workspace/projects/vale/mlm/models/zoonomia-3utr/ntrans-v2-100m-3utr-f//log: No such file or directory
grep: /lustre/groups/epigenereg01/workspace/projects/vale/mlm/models/zoonomia-3utr/ntrans-v2-100m-3utr-f//log: No such file or directory
grep: /lustre/groups/epigenereg01/workspace/projects/vale/mlm/models/zoonomia-3utr/ntrans-v2-100m-3utr-f//log: No such file or directory
grep: /lustre/groups/epigenereg01/workspace/projects/vale/mlm/models/zoonomia-3utr/ntrans-v2-100m-3utr-f//log: No such file or directory
grep: /lustre/groups/epigenereg01/workspace/projects/vale/mlm/models/zoonomia-3utr/ntrans-v2-100m-3utr-f//log: No such file or directory
grep: /lustre/groups/epigenereg01/workspace/projects/vale/mlm/models/zoonomia-3utr/ntrans-v2-100m-3utr-f//log: No such file or directory
grep: /lustre/groups/epigenereg01/workspace/projects/vale/mlm/models/zoonomia-3utr/ntrans-v2-100m-3utr-f//log: No such file or directory
grep: /lustre/groups/epigenereg01/workspace/projects/vale/mlm/models/zoonomia-3utr/ntrans-v2-100m-3utr-f//log: No such file or directory
grep: /lustre/groups/epigenereg01/workspace/projects/vale/mlm/models/zoonomia-3utr/ntrans-v2-100m-3utr-f//log: No such file or directory
grep: /lustre/groups/epigenereg01/workspace/projects/vale/mlm/models/zoonomia-3utr/ntrans-v2-100m-3utr-f//log: No such file or directory
grep: /lustre/groups/epigenereg01/workspace/projects/vale/mlm/models/zoonomia-3utr/ntrans-v2-100m-3utr-f//log: No such file or directory
grep: /lustre/groups/epigenereg01/workspace/projects/vale/mlm/models/zoonomia-3utr/ntrans-v2-100m-3utr-f//log: No such file or directory
grep: /lustre/groups/epigenereg01/workspace/projects/vale/mlm/models/zoonomia-3utr/ntrans-v2-100m-3utr-f//log: No such file or directory
grep: /lustre/groups/epigenereg01/workspace/projects/vale/mlm/models/zoonomia-3utr/ntrans-v2-100m-3utr-f//log: No such file or directory
grep: /lustre/groups/epigenereg01/workspace/projects/vale/mlm/models/zoonomia-3utr/ntrans-v2-100m-3utr-f//log: No such file or directory
grep: /lustre/groups/epigenereg01/workspace/projects/vale/mlm/models/zoonomia-3utr/ntrans-v2-100m-3utr-f//log: No such file or directory
grep: /lustre/groups/epigenereg01/workspace/projects/vale/mlm/models/zoonomia-3utr/ntrans-v2-100m-3utr-f//log: No such file or directory
grep: /lustre/groups/epigenereg01/workspace/projects/vale/mlm/models/zoonomia-3utr/ntrans-v2-100m-3utr-f//log: No such file or directory
grep: /lustre/groups/epigenereg01/workspace/projects/vale/mlm/models/zoonomia-3utr/ntrans-v2-100m-3utr-f//log: No such file or directory
grep: /lustre/groups/epigenereg01/workspace/projects/vale/mlm/models/zoonomia-3utr/ntrans-v2-100m-3utr-f//log: No such file or directory
grep: /lustre/groups/epigenereg01/workspace/projects/vale/mlm/models/zoonomia-3utr/ntrans-v2-100m-3utr-f//log: No such file or directory
grep: /lustre/groups/epigenereg01/workspace/projects/vale/mlm/models/zoonomia-3utr/ntrans-v2-100m-3utr-f//log: No such file or directory
grep: /lustre/groups/epigenereg01/workspace/projects/vale/mlm/models/zoonomia-3utr/ntrans-v2-100m-3utr-f//log: No such file or directory
grep: /lustre/groups/epigenereg01/workspace/projects/vale/mlm/models/zoonomia-3utr/ntrans-v2-100m-3utr-f//log: No such file or directory
grep: /lustre/groups/epigenereg01/workspace/projects/vale/mlm/models/zoonomia-3utr/ntrans-v2-100m-3utr-f//log: No such file or directory
grep: /lustre/groups/epigenereg01/workspace/projects/vale/mlm/models/zoonomia-3utr/ntrans-v2-100m-3utr-f//log: No such file or directory
grep: /lustre/groups/epigenereg01/workspace/projects/vale/mlm/models/zoonomia-3utr/ntrans-v2-100m-3utr-f//log: No such file or directory
grep: /lustre/groups/epigenereg01/workspace/projects/vale/mlm/models/zoonomia-3utr/ntrans-v2-100m-3utr-f//log: No such file or directory
grep: /lustre/groups/epigenereg01/workspace/projects/vale/mlm/models/zoonomia-3utr/ntrans-v2-100m-3utr-f//log: No such file or directory
grep: /lustre/groups/epigenereg01/workspace/projects/vale/mlm/models/zoonomia-3utr/ntrans-v2-100m-3utr-f//log: No such file or directory
grep: /lustre/groups/epigenereg01/workspace/projects/vale/mlm/models/zoonomia-3utr/ntrans-v2-100m-3utr-f//log: No such file or directory
grep: /lustre/groups/epigenereg01/workspace/projects/vale/mlm/models/zoonomia-3utr/ntrans-v2-100m-3utr-f//log: No such file or directory
grep: /lustre/groups/epigenereg01/workspace/projects/vale/mlm/models/zoonomia-3utr/ntrans-v2-100m-3utr-f//log: No such file or directory
grep: /lustre/groups/epigenereg01/workspace/projects/vale/mlm/models/zoonomia-3utr/ntrans-v2-100m-3utr-f//log: No such file or directory
grep: /lustre/groups/epigenereg01/workspace/projects/vale/mlm/models/zoonomia-3utr/ntrans-v2-100m-3utr-f//log: No such file or directory
grep: /lustre/groups/epigenereg01/workspace/projects/vale/mlm/models/zoonomia-3utr/ntrans-v2-100m-3utr-f//log: No such file or directory
grep: /lustre/groups/epigenereg01/workspace/projects/vale/mlm/models/zoonomia-3utr/ntrans-v2-100m-3utr-f//log: No such file or directory
grep: /lustre/groups/epigenereg01/workspace/projects/vale/mlm/models/zoonomia-3utr/ntrans-v2-100m-3utr-f//log: No such file or directory
grep: /lustre/groups/epigenereg01/workspace/projects/vale/mlm/models/zoonomia-3utr/ntrans-v2-100m-3utr-f//log: No such file or directory
grep: /lustre/groups/epigenereg01/workspace/projects/vale/mlm/models/zoonomia-3utr/ntrans-v2-100m-3utr-f//log: No such file or directory
grep: /lustre/groups/epigenereg01/workspace/projects/vale/mlm/models/zoonomia-3utr/ntrans-v2-100m-3utr-f//log: No such file or directory
grep: /lustre/groups/epigenereg01/workspace/projects/vale/mlm/models/zoonomia-3utr/ntrans-v2-100m-3utr-f//log: No such file or directory
grep: /lustre/groups/epigenereg01/workspace/projects/vale/mlm/models/zoonomia-3utr/ntrans-v2-100m-3utr-f//log: No such file or directory
grep: /lustre/groups/epigenereg01/workspace/projects/vale/mlm/models/zoonomia-3utr/ntrans-v2-100m-3utr-f//log: No such file or directory
grep: /lustre/groups/epigenereg01/workspace/projects/vale/mlm/models/zoonomia-3utr/ntrans-v2-100m-3utr-f//log: No such file or directory
grep: /lustre/groups/epigenereg01/workspace/projects/vale/mlm/models/zoonomia-3utr/ntrans-v2-100m-3utr-f//log: No such file or directory
grep: /lustre/groups/epigenereg01/workspace/projects/vale/mlm/models/zoonomia-3utr/ntrans-v2-100m-3utr-f//log: No such file or directory
grep: /lustre/groups/epigenereg01/workspace/projects/vale/mlm/models/zoonomia-3utr/ntrans-v2-100m-3utr-f//log: No such file or directory
grep: /lustre/groups/epigenereg01/workspace/projects/vale/mlm/models/zoonomia-3utr/ntrans-v2-100m-3utr-f//log: No such file or directory
grep: /lustre/groups/epigenereg01/workspace/projects/vale/mlm/models/zoonomia-3utr/ntrans-v2-100m-3utr-f//log: No such file or directory
grep: /lustre/groups/epigenereg01/workspace/projects/vale/mlm/models/zoonomia-3utr/ntrans-v2-100m-3utr-f//log: No such file or directory
grep: /lustre/groups/epigenereg01/workspace/projects/vale/mlm/models/zoonomia-3utr/ntrans-v2-100m-3utr-f//log: No such file or directory
grep: /lustre/groups/epigenereg01/workspace/projects/vale/mlm/models/zoonomia-3utr/ntrans-v2-100m-3utr-f//log: No such file or directory
grep: /lustre/groups/epigenereg01/workspace/projects/vale/mlm/models/zoonomia-3utr/ntrans-v2-100m-3utr-f//log: No such file or directory
grep: /lustre/groups/epigenereg01/workspace/projects/vale/mlm/models/zoonomia-3utr/ntrans-v2-100m-3utr-f//log: No such file or directory
grep: /lustre/groups/epigenereg01/workspace/projects/vale/mlm/models/zoonomia-3utr/ntrans-v2-100m-3utr-f//log: No such file or directory
grep: /lustre/groups/epigenereg01/workspace/projects/vale/mlm/models/zoonomia-3utr/ntrans-v2-100m-3utr-f//log: No such file or directory
grep: /lustre/groups/epigenereg01/workspace/projects/vale/mlm/models/zoonomia-3utr/ntrans-v2-100m-3utr-f//log: No such file or directory
grep: /lustre/groups/epigenereg01/workspace/projects/vale/mlm/models/zoonomia-3utr/ntrans-v2-100m-3utr-f//log: No such file or directory
grep: /lustre/groups/epigenereg01/workspace/projects/vale/mlm/models/zoonomia-3utr/ntrans-v2-100m-3utr-f//log: No such file or directory
grep: /lustre/groups/epigenereg01/workspace/projects/vale/mlm/models/zoonomia-3utr/ntrans-v2-100m-3utr-f//log: No such file or directory
grep: /lustre/groups/epigenereg01/workspace/projects/vale/mlm/models/zoonomia-3utr/ntrans-v2-100m-3utr-f//log: No such file or directory
grep: /lustre/groups/epigenereg01/workspace/projects/vale/mlm/models/zoonomia-3utr/ntrans-v2-100m-3utr-f//log: No such file or directory
grep: /lustre/groups/epigenereg01/workspace/projects/vale/mlm/models/zoonomia-3utr/ntrans-v2-100m-3utr-f//log: No such file or directory
grep: /lustre/groups/epigenereg01/workspace/projects/vale/mlm/models/zoonomia-3utr/ntrans-v2-100m-3utr-f//log: No such file or directory
grep: /lustre/groups/epigenereg01/workspace/projects/vale/mlm/models/zoonomia-3utr/ntrans-v2-100m-3utr-f//log: No such file or directory
grep: /lustre/groups/epigenereg01/workspace/projects/vale/mlm/models/zoonomia-3utr/ntrans-v2-100m-3utr-f//log: No such file or directory
grep: /lustre/groups/epigenereg01/workspace/projects/vale/mlm/models/zoonomia-3utr/ntrans-v2-100m-3utr-f//log: No such file or directory
grep: /lustre/groups/epigenereg01/workspace/projects/vale/mlm/models/zoonomia-3utr/ntrans-v2-100m-3utr-f//log: No such file or directory
grep: /lustre/groups/epigenereg01/workspace/projects/vale/mlm/models/zoonomia-3utr/ntrans-v2-100m-3utr-f//log: No such file or directory
grep: /lustre/groups/epigenereg01/workspace/projects/vale/mlm/models/zoonomia-3utr/ntrans-v2-100m-3utr-f//log: No such file or directory
grep: /lustre/groups/epigenereg01/workspace/projects/vale/mlm/models/zoonomia-3utr/ntrans-v2-100m-3utr-f//log: No such file or directory
grep: /lustre/groups/epigenereg01/workspace/projects/vale/mlm/models/zoonomia-3utr/ntrans-v2-100m-3utr-f//log: No such file or directory
grep: /lustre/groups/epigenereg01/workspace/projects/vale/mlm/models/zoonomia-3utr/ntrans-v2-100m-3utr-f//log: No such file or directory
grep: /lustre/groups/epigenereg01/workspace/projects/vale/mlm/models/zoonomia-3utr/ntrans-v2-100m-3utr-f//log: No such file or directory
grep: /lustre/groups/epigenereg01/workspace/projects/vale/mlm/models/zoonomia-3utr/ntrans-v2-100m-3utr-f//log: No such file or directory
grep: /lustre/groups/epigenereg01/workspace/projects/vale/mlm/models/zoonomia-3utr/ntrans-v2-100m-3utr-f//log: No such file or directory
grep: /lustre/groups/epigenereg01/workspace/projects/vale/mlm/models/zoonomia-3utr/ntrans-v2-100m-3utr-f//log: No such file or directory
grep: /lustre/groups/epigenereg01/workspace/projects/vale/mlm/models/zoonomia-3utr/ntrans-v2-100m-3utr-f//log: No such file or directory
grep: /lustre/groups/epigenereg01/workspace/projects/vale/mlm/models/zoonomia-3utr/ntrans-v2-100m-3utr-f//log: No such file or directory
grep: /lustre/groups/epigenereg01/workspace/projects/vale/mlm/models/zoonomia-3utr/ntrans-v2-100m-3utr-f//log: No such file or directory
grep: /lustre/groups/epigenereg01/workspace/projects/vale/mlm/models/zoonomia-3utr/ntrans-v2-100m-3utr-f//log: No such file or directory
grep: /lustre/groups/epigenereg01/workspace/projects/vale/mlm/models/zoonomia-3utr/ntrans-v2-100m-3utr-f//log: No such file or directory
grep: /lustre/groups/epigenereg01/workspace/projects/vale/mlm/models/zoonomia-3utr/ntrans-v2-100m-3utr-f//log: No such file or directory
grep: /lustre/groups/epigenereg01/workspace/projects/vale/mlm/models/zoonomia-3utr/ntrans-v2-100m-3utr-f//log: No such file or directory
grep: /lustre/groups/epigenereg01/workspace/projects/vale/mlm/models/zoonomia-3utr/ntrans-v2-100m-3utr-f//log: No such file or directory
grep: /lustre/groups/epigenereg01/workspace/projects/vale/mlm/models/zoonomia-3utr/ntrans-v2-100m-3utr-f//log: No such file or directory
grep: /lustre/groups/epigenereg01/workspace/projects/vale/mlm/models/zoonomia-3utr/ntrans-v2-100m-3utr-f//log: No such file or directory
grep: /lustre/groups/epigenereg01/workspace/projects/vale/mlm/models/zoonomia-3utr/ntrans-v2-100m-3utr-f//log: No such file or directory
grep: /lustre/groups/epigenereg01/workspace/projects/vale/mlm/models/zoonomia-3utr/ntrans-v2-100m-3utr-f//log: No such file or directory
grep: /lustre/groups/epigenereg01/workspace/projects/vale/mlm/models/zoonomia-3utr/ntrans-v2-100m-3utr-f//log: No such file or directory
grep: /lustre/groups/epigenereg01/workspace/projects/vale/mlm/models/zoonomia-3utr/ntrans-v2-100m-3utr-f//log: No such file or directory
grep: /lustre/groups/epigenereg01/workspace/projects/vale/mlm/models/zoonomia-3utr/ntrans-v2-100m-3utr-f//log: No such file or directory
grep: /lustre/groups/epigenereg01/workspace/projects/vale/mlm/models/zoonomia-3utr/ntrans-v2-100m-3utr-f//log: No such file or directory
grep: /lustre/groups/epigenereg01/workspace/projects/vale/mlm/models/zoonomia-3utr/ntrans-v2-100m-3utr-f//log: No such file or directory
grep: /lustre/groups/epigenereg01/workspace/projects/vale/mlm/models/zoonomia-3utr/ntrans-v2-100m-3utr-f//log: No such file or directory
grep: /lustre/groups/epigenereg01/workspace/projects/vale/mlm/models/zoonomia-3utr/ntrans-v2-100m-3utr-f//log: No such file or directory
grep: /lustre/groups/epigenereg01/workspace/projects/vale/mlm/models/zoonomia-3utr/ntrans-v2-100m-3utr-f//log: No such file or directory
grep: /lustre/groups/epigenereg01/workspace/projects/vale/mlm/models/zoonomia-3utr/ntrans-v2-100m-3utr-f//log: No such file or directory
grep: /lustre/groups/epigenereg01/workspace/projects/vale/mlm/models/zoonomia-3utr/ntrans-v2-100m-3utr-f//log: No such file or directory
grep: /lustre/groups/epigenereg01/workspace/projects/vale/mlm/models/zoonomia-3utr/ntrans-v2-100m-3utr-f//log: No such file or directory
grep: /lustre/groups/epigenereg01/workspace/projects/vale/mlm/models/zoonomia-3utr/ntrans-v2-100m-3utr-f//log: No such file or directory
grep: /lustre/groups/epigenereg01/workspace/projects/vale/mlm/models/zoonomia-3utr/ntrans-v2-100m-3utr-f//log: No such file or directory
grep: /lustre/groups/epigenereg01/workspace/projects/vale/mlm/models/zoonomia-3utr/ntrans-v2-100m-3utr-f//log: No such file or directory
grep: /lustre/groups/epigenereg01/workspace/projects/vale/mlm/models/zoonomia-3utr/ntrans-v2-100m-3utr-f//log: No such file or directory
grep: /lustre/groups/epigenereg01/workspace/projects/vale/mlm/models/zoonomia-3utr/ntrans-v2-100m-3utr-f//log: No such file or directory
grep: /lustre/groups/epigenereg01/workspace/projects/vale/mlm/models/zoonomia-3utr/ntrans-v2-100m-3utr-f//log: No such file or directory
grep: /lustre/groups/epigenereg01/workspace/projects/vale/mlm/models/zoonomia-3utr/ntrans-v2-100m-3utr-f//log: No such file or directory
grep: /lustre/groups/epigenereg01/workspace/projects/vale/mlm/models/zoonomia-3utr/ntrans-v2-100m-3utr-f//log: No such file or directory
grep: /lustre/groups/epigenereg01/workspace/projects/vale/mlm/models/zoonomia-3utr/ntrans-v2-100m-3utr-f//log: No such file or directory
grep: /lustre/groups/epigenereg01/workspace/projects/vale/mlm/models/zoonomia-3utr/ntrans-v2-100m-3utr-f//log: No such file or directory
grep: /lustre/groups/epigenereg01/workspace/projects/vale/mlm/models/zoonomia-3utr/ntrans-v2-100m-3utr-f//log: No such file or directory
grep: /lustre/groups/epigenereg01/workspace/projects/vale/mlm/models/zoonomia-3utr/ntrans-v2-100m-3utr-f//log: No such file or directory
grep: /lustre/groups/epigenereg01/workspace/projects/vale/mlm/models/zoonomia-3utr/ntrans-v2-100m-3utr-f//log: No such file or directory
grep: /lustre/groups/epigenereg01/workspace/projects/vale/mlm/models/zoonomia-3utr/ntrans-v2-100m-3utr-f//log: No such file or directory
grep: /lustre/groups/epigenereg01/workspace/projects/vale/mlm/models/zoonomia-3utr/ntrans-v2-100m-3utr-f//log: No such file or directory
grep: /lustre/groups/epigenereg01/workspace/projects/vale/mlm/models/zoonomia-3utr/ntrans-v2-100m-3utr-f//log: No such file or directory
grep: /lustre/groups/epigenereg01/workspace/projects/vale/mlm/models/zoonomia-3utr/ntrans-v2-100m-3utr-f//log: No such file or directory
grep: /lustre/groups/epigenereg01/workspace/projects/vale/mlm/models/zoonomia-3utr/ntrans-v2-100m-3utr-f//log: No such file or directory
grep: /lustre/groups/epigenereg01/workspace/projects/vale/mlm/models/zoonomia-3utr/ntrans-v2-100m-3utr-f//log: No such file or directory
grep: /lustre/groups/epigenereg01/workspace/projects/vale/mlm/models/zoonomia-3utr/ntrans-v2-100m-3utr-f//log: No such file or directory
grep: /lustre/groups/epigenereg01/workspace/projects/vale/mlm/models/zoonomia-3utr/ntrans-v2-100m-3utr-f//log: No such file or directory
grep: /lustre/groups/epigenereg01/workspace/projects/vale/mlm/models/zoonomia-3utr/ntrans-v2-100m-3utr-f//log: No such file or directory
grep: /lustre/groups/epigenereg01/workspace/projects/vale/mlm/models/zoonomia-3utr/ntrans-v2-100m-3utr-f//log: No such file or directory
grep: /lustre/groups/epigenereg01/workspace/projects/vale/mlm/models/zoonomia-3utr/ntrans-v2-100m-3utr-f//log: No such file or directory
grep: /lustre/groups/epigenereg01/workspace/projects/vale/mlm/models/zoonomia-3utr/ntrans-v2-100m-3utr-f//log: No such file or directory
grep: /lustre/groups/epigenereg01/workspace/projects/vale/mlm/models/zoonomia-3utr/ntrans-v2-100m-3utr-f//log: No such file or directory
grep: /lustre/groups/epigenereg01/workspace/projects/vale/mlm/models/zoonomia-3utr/ntrans-v2-100m-3utr-f//log: No such file or directory
grep: /lustre/groups/epigenereg01/workspace/projects/vale/mlm/models/zoonomia-3utr/ntrans-v2-100m-3utr-f//log: No such file or directory
grep: /lustre/groups/epigenereg01/workspace/projects/vale/mlm/models/zoonomia-3utr/ntrans-v2-100m-3utr-f//log: No such file or directory
grep: /lustre/groups/epigenereg01/workspace/projects/vale/mlm/models/zoonomia-3utr/ntrans-v2-100m-3utr-f//log: No such file or directory
grep: /lustre/groups/epigenereg01/workspace/projects/vale/mlm/models/zoonomia-3utr/ntrans-v2-100m-3utr-f//log: No such file or directory
grep: /lustre/groups/epigenereg01/workspace/projects/vale/mlm/models/zoonomia-3utr/ntrans-v2-100m-3utr-f//log: No such file or directory
grep: /lustre/groups/epigenereg01/workspace/projects/vale/mlm/models/zoonomia-3utr/ntrans-v2-100m-3utr-f//log: No such file or directory
grep: /lustre/groups/epigenereg01/workspace/projects/vale/mlm/models/zoonomia-3utr/ntrans-v2-100m-3utr-f//log: No such file or directory
grep: /lustre/groups/epigenereg01/workspace/projects/vale/mlm/models/zoonomia-3utr/ntrans-v2-100m-3utr-f//log: No such file or directory
grep: /lustre/groups/epigenereg01/workspace/projects/vale/mlm/models/zoonomia-3utr/ntrans-v2-100m-3utr-f//log: No such file or directory
grep: /lustre/groups/epigenereg01/workspace/projects/vale/mlm/models/zoonomia-3utr/ntrans-v2-100m-3utr-f//log: No such file or directory
grep: /lustre/groups/epigenereg01/workspace/projects/vale/mlm/models/zoonomia-3utr/ntrans-v2-100m-3utr-f//log: No such file or directory
grep: /lustre/groups/epigenereg01/workspace/projects/vale/mlm/models/zoonomia-3utr/ntrans-v2-100m-3utr-f//log: No such file or directory
grep: /lustre/groups/epigenereg01/workspace/projects/vale/mlm/models/zoonomia-3utr/ntrans-v2-100m-3utr-f//log: No such file or directory
grep: /lustre/groups/epigenereg01/workspace/projects/vale/mlm/models/zoonomia-3utr/ntrans-v2-100m-3utr-f//log: No such file or directory
grep: /lustre/groups/epigenereg01/workspace/projects/vale/mlm/models/zoonomia-3utr/ntrans-v2-100m-3utr-f//log: No such file or directory
grep: /lustre/groups/epigenereg01/workspace/projects/vale/mlm/models/zoonomia-3utr/ntrans-v2-100m-3utr-f//log: No such file or directory
grep: /lustre/groups/epigenereg01/workspace/projects/vale/mlm/models/zoonomia-3utr/ntrans-v2-100m-3utr-f//log: No such file or directory
grep: /lustre/groups/epigenereg01/workspace/projects/vale/mlm/models/zoonomia-3utr/ntrans-v2-100m-3utr-f//log: No such file or directory
grep: /lustre/groups/epigenereg01/workspace/projects/vale/mlm/models/zoonomia-3utr/ntrans-v2-100m-3utr-f//log: No such file or directory
grep: /lustre/groups/epigenereg01/workspace/projects/vale/mlm/models/zoonomia-3utr/ntrans-v2-100m-3utr-f//log: No such file or directory
grep: /lustre/groups/epigenereg01/workspace/projects/vale/mlm/models/zoonomia-3utr/ntrans-v2-100m-3utr-f//log: No such file or directory
grep: /lustre/groups/epigenereg01/workspace/projects/vale/mlm/models/zoonomia-3utr/ntrans-v2-100m-3utr-f//log: No such file or directory
grep: /lustre/groups/epigenereg01/workspace/projects/vale/mlm/models/zoonomia-3utr/ntrans-v2-100m-3utr-f//log: No such file or directory
grep: /lustre/groups/epigenereg01/workspace/projects/vale/mlm/models/zoonomia-3utr/ntrans-v2-100m-3utr-f//log: No such file or directory
grep: /lustre/groups/epigenereg01/workspace/projects/vale/mlm/models/zoonomia-3utr/ntrans-v2-100m-3utr-f//log: No such file or directory
grep: /lustre/groups/epigenereg01/workspace/projects/vale/mlm/models/zoonomia-3utr/ntrans-v2-100m-3utr-f//log: No such file or directory
grep: /lustre/groups/epigenereg01/workspace/projects/vale/mlm/models/zoonomia-3utr/ntrans-v2-100m-3utr-f//log: No such file or directory
grep: /lustre/groups/epigenereg01/workspace/projects/vale/mlm/models/zoonomia-3utr/ntrans-v2-100m-3utr-f//log: No such file or directory
grep: /lustre/groups/epigenereg01/workspace/projects/vale/mlm/models/zoonomia-3utr/ntrans-v2-100m-3utr-f//log: No such file or directory
grep: /lustre/groups/epigenereg01/workspace/projects/vale/mlm/models/zoonomia-3utr/ntrans-v2-100m-3utr-f//log: No such file or directory
grep: /lustre/groups/epigenereg01/workspace/projects/vale/mlm/models/zoonomia-3utr/ntrans-v2-100m-3utr-f//log: No such file or directory
grep: /lustre/groups/epigenereg01/workspace/projects/vale/mlm/models/zoonomia-3utr/ntrans-v2-100m-3utr-f//log: No such file or directory
grep: /lustre/groups/epigenereg01/workspace/projects/vale/mlm/models/zoonomia-3utr/ntrans-v2-100m-3utr-f//log: No such file or directory
grep: /lustre/groups/epigenereg01/workspace/projects/vale/mlm/models/zoonomia-3utr/ntrans-v2-100m-3utr-f//log: No such file or directory
grep: /lustre/groups/epigenereg01/workspace/projects/vale/mlm/models/zoonomia-3utr/ntrans-v2-100m-3utr-f//log: No such file or directory
grep: /lustre/groups/epigenereg01/workspace/projects/vale/mlm/models/zoonomia-3utr/ntrans-v2-100m-3utr-f//log: No such file or directory
grep: /lustre/groups/epigenereg01/workspace/projects/vale/mlm/models/zoonomia-3utr/ntrans-v2-100m-3utr-f//log: No such file or directory
grep: /lustre/groups/epigenereg01/workspace/projects/vale/mlm/models/zoonomia-3utr/ntrans-v2-100m-3utr-f//log: No such file or directory
grep: /lustre/groups/epigenereg01/workspace/projects/vale/mlm/models/zoonomia-3utr/ntrans-v2-100m-3utr-f//log: No such file or directory
grep: /lustre/groups/epigenereg01/workspace/projects/vale/mlm/models/zoonomia-3utr/ntrans-v2-100m-3utr-f//log: No such file or directory
grep: /lustre/groups/epigenereg01/workspace/projects/vale/mlm/models/zoonomia-3utr/ntrans-v2-100m-3utr-f//log: No such file or directory
grep: /lustre/groups/epigenereg01/workspace/projects/vale/mlm/models/zoonomia-3utr/ntrans-v2-100m-3utr-f//log: No such file or directory
grep: /lustre/groups/epigenereg01/workspace/projects/vale/mlm/models/zoonomia-3utr/ntrans-v2-100m-3utr-f//log: No such file or directory
grep: /lustre/groups/epigenereg01/workspace/projects/vale/mlm/models/zoonomia-3utr/ntrans-v2-100m-3utr-f//log: No such file or directory
grep: /lustre/groups/epigenereg01/workspace/projects/vale/mlm/models/zoonomia-3utr/ntrans-v2-100m-3utr-f//log: No such file or directory
grep: /lustre/groups/epigenereg01/workspace/projects/vale/mlm/models/zoonomia-3utr/ntrans-v2-100m-3utr-f//log: No such file or directory
grep: /lustre/groups/epigenereg01/workspace/projects/vale/mlm/models/zoonomia-3utr/ntrans-v2-100m-3utr-f//log: No such file or directory
grep: /lustre/groups/epigenereg01/workspace/projects/vale/mlm/models/zoonomia-3utr/ntrans-v2-100m-3utr-f//log: No such file or directory
grep: /lustre/groups/epigenereg01/workspace/projects/vale/mlm/models/zoonomia-3utr/ntrans-v2-100m-3utr-f//log: No such file or directory
grep: /lustre/groups/epigenereg01/workspace/projects/vale/mlm/models/zoonomia-3utr/ntrans-v2-100m-3utr-f//log: No such file or directory
grep: /lustre/groups/epigenereg01/workspace/projects/vale/mlm/models/zoonomia-3utr/ntrans-v2-100m-3utr-f//log: No such file or directory
grep: /lustre/groups/epigenereg01/workspace/projects/vale/mlm/models/zoonomia-3utr/ntrans-v2-100m-3utr-f//log: No such file or directory
grep: /lustre/groups/epigenereg01/workspace/projects/vale/mlm/models/zoonomia-3utr/ntrans-v2-100m-3utr-f//log: No such file or directory
grep: /lustre/groups/epigenereg01/workspace/projects/vale/mlm/models/zoonomia-3utr/ntrans-v2-100m-3utr-f//log: No such file or directory
grep: /lustre/groups/epigenereg01/workspace/projects/vale/mlm/models/zoonomia-3utr/ntrans-v2-100m-3utr-f//log: No such file or directory
grep: /lustre/groups/epigenereg01/workspace/projects/vale/mlm/models/zoonomia-3utr/ntrans-v2-100m-3utr-f//log: No such file or directory
grep: /lustre/groups/epigenereg01/workspace/projects/vale/mlm/models/zoonomia-3utr/ntrans-v2-100m-3utr-f//log: No such file or directory
grep: /lustre/groups/epigenereg01/workspace/projects/vale/mlm/models/zoonomia-3utr/ntrans-v2-100m-3utr-f//log: No such file or directory
grep: /lustre/groups/epigenereg01/workspace/projects/vale/mlm/models/zoonomia-3utr/ntrans-v2-100m-3utr-f//log: No such file or directory
grep: /lustre/groups/epigenereg01/workspace/projects/vale/mlm/models/zoonomia-3utr/ntrans-v2-100m-3utr-f//log: No such file or directory
grep: /lustre/groups/epigenereg01/workspace/projects/vale/mlm/models/zoonomia-3utr/ntrans-v2-100m-3utr-f//log: No such file or directory
grep: /lustre/groups/epigenereg01/workspace/projects/vale/mlm/models/zoonomia-3utr/ntrans-v2-100m-3utr-f//log: No such file or directory
grep: /lustre/groups/epigenereg01/workspace/projects/vale/mlm/models/zoonomia-3utr/ntrans-v2-100m-3utr-f//log: No such file or directory
grep: /lustre/groups/epigenereg01/workspace/projects/vale/mlm/models/zoonomia-3utr/ntrans-v2-100m-3utr-f//log: No such file or directory
grep: /lustre/groups/epigenereg01/workspace/projects/vale/mlm/models/zoonomia-3utr/ntrans-v2-100m-3utr-f//log: No such file or directory
grep: /lustre/groups/epigenereg01/workspace/projects/vale/mlm/models/zoonomia-3utr/ntrans-v2-100m-3utr-f//log: No such file or directory
grep: /lustre/groups/epigenereg01/workspace/projects/vale/mlm/models/zoonomia-3utr/ntrans-v2-100m-3utr-f//log: No such file or directory
grep: /lustre/groups/epigenereg01/workspace/projects/vale/mlm/models/zoonomia-3utr/ntrans-v2-100m-3utr-f//log: No such file or directory
grep: /lustre/groups/epigenereg01/workspace/projects/vale/mlm/models/zoonomia-3utr/ntrans-v2-100m-3utr-f//log: No such file or directory
grep: /lustre/groups/epigenereg01/workspace/projects/vale/mlm/models/zoonomia-3utr/ntrans-v2-100m-3utr-f//log: No such file or directory
grep: /lustre/groups/epigenereg01/workspace/projects/vale/mlm/models/zoonomia-3utr/ntrans-v2-100m-3utr-f//log: No such file or directory
grep: /lustre/groups/epigenereg01/workspace/projects/vale/mlm/models/zoonomia-3utr/ntrans-v2-100m-3utr-f//log: No such file or directory
grep: /lustre/groups/epigenereg01/workspace/projects/vale/mlm/models/zoonomia-3utr/ntrans-v2-100m-3utr-f//log: No such file or directory
grep: /lustre/groups/epigenereg01/workspace/projects/vale/mlm/models/zoonomia-3utr/ntrans-v2-100m-3utr-f//log: No such file or directory
grep: /lustre/groups/epigenereg01/workspace/projects/vale/mlm/models/zoonomia-3utr/ntrans-v2-100m-3utr-f//log: No such file or directory
grep: /lustre/groups/epigenereg01/workspace/projects/vale/mlm/models/zoonomia-3utr/ntrans-v2-100m-3utr-f//log: No such file or directory
grep: /lustre/groups/epigenereg01/workspace/projects/vale/mlm/models/zoonomia-3utr/ntrans-v2-100m-3utr-f//log: No such file or directory
grep: /lustre/groups/epigenereg01/workspace/projects/vale/mlm/models/zoonomia-3utr/ntrans-v2-100m-3utr-f//log: No such file or directory
grep: /lustre/groups/epigenereg01/workspace/projects/vale/mlm/models/zoonomia-3utr/ntrans-v2-100m-3utr-f//log: No such file or directory
grep: /lustre/groups/epigenereg01/workspace/projects/vale/mlm/models/zoonomia-3utr/ntrans-v2-100m-3utr-f//log: No such file or directory
grep: /lustre/groups/epigenereg01/workspace/projects/vale/mlm/models/zoonomia-3utr/ntrans-v2-100m-3utr-f//log: No such file or directory
grep: /lustre/groups/epigenereg01/workspace/projects/vale/mlm/models/zoonomia-3utr/ntrans-v2-100m-3utr-f//log: No such file or directory
grep: /lustre/groups/epigenereg01/workspace/projects/vale/mlm/models/zoonomia-3utr/ntrans-v2-100m-3utr-f//log: No such file or directory
grep: /lustre/groups/epigenereg01/workspace/projects/vale/mlm/models/zoonomia-3utr/ntrans-v2-100m-3utr-f//log: No such file or directory
grep: /lustre/groups/epigenereg01/workspace/projects/vale/mlm/models/zoonomia-3utr/ntrans-v2-100m-3utr-f//log: No such file or directory
grep: /lustre/groups/epigenereg01/workspace/projects/vale/mlm/models/zoonomia-3utr/ntrans-v2-100m-3utr-f//log: No such file or directory
grep: /lustre/groups/epigenereg01/workspace/projects/vale/mlm/models/zoonomia-3utr/ntrans-v2-100m-3utr-f//log: No such file or directory
grep: /lustre/groups/epigenereg01/workspace/projects/vale/mlm/models/zoonomia-3utr/ntrans-v2-100m-3utr-f//log: No such file or directory
grep: /lustre/groups/epigenereg01/workspace/projects/vale/mlm/models/zoonomia-3utr/ntrans-v2-100m-3utr-f//log: No such file or directory
grep: /lustre/groups/epigenereg01/workspace/projects/vale/mlm/models/zoonomia-3utr/ntrans-v2-100m-3utr-f//log: No such file or directory
grep: /lustre/groups/epigenereg01/workspace/projects/vale/mlm/models/zoonomia-3utr/ntrans-v2-100m-3utr-f//log: No such file or directory
grep: /lustre/groups/epigenereg01/workspace/projects/vale/mlm/models/zoonomia-3utr/ntrans-v2-100m-3utr-f//log: No such file or directory
grep: /lustre/groups/epigenereg01/workspace/projects/vale/mlm/models/zoonomia-3utr/ntrans-v2-100m-3utr-f//log: No such file or directory
grep: /lustre/groups/epigenereg01/workspace/projects/vale/mlm/models/zoonomia-3utr/ntrans-v2-100m-3utr-f//log: No such file or directory
grep: /lustre/groups/epigenereg01/workspace/projects/vale/mlm/models/zoonomia-3utr/ntrans-v2-100m-3utr-f//log: No such file or directory
grep: /lustre/groups/epigenereg01/workspace/projects/vale/mlm/models/zoonomia-3utr/ntrans-v2-100m-3utr-f//log: No such file or directory
grep: /lustre/groups/epigenereg01/workspace/projects/vale/mlm/models/zoonomia-3utr/ntrans-v2-100m-3utr-f//log: No such file or directory
grep: /lustre/groups/epigenereg01/workspace/projects/vale/mlm/models/zoonomia-3utr/ntrans-v2-100m-3utr-f//log: No such file or directory
grep: /lustre/groups/epigenereg01/workspace/projects/vale/mlm/models/zoonomia-3utr/ntrans-v2-100m-3utr-f//log: No such file or directory
grep: /lustre/groups/epigenereg01/workspace/projects/vale/mlm/models/zoonomia-3utr/ntrans-v2-100m-3utr-f//log: No such file or directory
grep: /lustre/groups/epigenereg01/workspace/projects/vale/mlm/models/zoonomia-3utr/ntrans-v2-100m-3utr-f//log: No such file or directory
grep: /lustre/groups/epigenereg01/workspace/projects/vale/mlm/models/zoonomia-3utr/ntrans-v2-100m-3utr-f//log: No such file or directory
grep: /lustre/groups/epigenereg01/workspace/projects/vale/mlm/models/zoonomia-3utr/ntrans-v2-100m-3utr-f//log: No such file or directory
grep: /lustre/groups/epigenereg01/workspace/projects/vale/mlm/models/zoonomia-3utr/ntrans-v2-100m-3utr-f//log: No such file or directory
grep: /lustre/groups/epigenereg01/workspace/projects/vale/mlm/models/zoonomia-3utr/ntrans-v2-100m-3utr-f//log: No such file or directory
grep: /lustre/groups/epigenereg01/workspace/projects/vale/mlm/models/zoonomia-3utr/ntrans-v2-100m-3utr-f//log: No such file or directory
grep: /lustre/groups/epigenereg01/workspace/projects/vale/mlm/models/zoonomia-3utr/ntrans-v2-100m-3utr-f//log: No such file or directory
grep: /lustre/groups/epigenereg01/workspace/projects/vale/mlm/models/zoonomia-3utr/ntrans-v2-100m-3utr-f//log: No such file or directory
grep: /lustre/groups/epigenereg01/workspace/projects/vale/mlm/models/zoonomia-3utr/ntrans-v2-100m-3utr-f//log: No such file or directory
grep: /lustre/groups/epigenereg01/workspace/projects/vale/mlm/models/zoonomia-3utr/ntrans-v2-100m-3utr-f//log: No such file or directory
grep: /lustre/groups/epigenereg01/workspace/projects/vale/mlm/models/zoonomia-3utr/ntrans-v2-100m-3utr-f//log: No such file or directory
grep: /lustre/groups/epigenereg01/workspace/projects/vale/mlm/models/zoonomia-3utr/ntrans-v2-100m-3utr-f//log: No such file or directory
mv: cannot stat '/lustre/groups/epigenereg01/workspace/projects/vale/mlm/models/zoonomia-3utr/ntrans-v2-100m-3utr-test//log': No such file or directory
job id: 31140667
exiting due to job error messages, see /lustre/groups/epigenereg01/workspace/projects/vale/mlm/models/zoonomia-3utr/ntrans-v2-100m-3utr-test//log
./wrapper.sh: line 45: [: 0: unary operator expected
job id: 31141012
exiting due to job error messages, see /lustre/groups/epigenereg01/workspace/projects/vale/mlm/models/zoonomia-3utr/ntrans-v2-100m-3utr-test//log
job id: 31142335
grep: /lustre/groups/epigenereg01/workspace/projects/vale/mlm/models/zoonomia-3utr/ntrans-v2-100m-3utr-f//log: No such file or directory
grep: /lustre/groups/epigenereg01/workspace/projects/vale/mlm/models/zoonomia-3utr/ntrans-v2-100m-3utr-f//log: No such file or directory
grep: /lustre/groups/epigenereg01/workspace/projects/vale/mlm/models/zoonomia-3utr/ntrans-v2-100m-3utr-f//log: No such file or directory
grep: /lustre/groups/epigenereg01/workspace/projects/vale/mlm/models/zoonomia-3utr/ntrans-v2-100m-3utr-f//log: No such file or directory
grep: /lustre/groups/epigenereg01/workspace/projects/vale/mlm/models/zoonomia-3utr/ntrans-v2-100m-3utr-f//log: No such file or directory
job finished with no error messages in log file, exiting...
mv: cannot stat '/lustre/groups/epigenereg01/workspace/projects/vale/mlm/models/zoonomia-3utr/ntrans-v2-100m-3utr-f//log': No such file or directory
job id: 31142873
grep: /lustre/groups/epigenereg01/workspace/projects/vale/mlm/models/zoonomia-3utr/ntrans-v2-100m-3utr-f//log: No such file or directory
grep: /lustre/groups/epigenereg01/workspace/projects/vale/mlm/models/zoonomia-3utr/ntrans-v2-100m-3utr-f//log: No such file or directory
grep: /lustre/groups/epigenereg01/workspace/projects/vale/mlm/models/zoonomia-3utr/ntrans-v2-100m-3utr-f//log: No such file or directory
grep: /lustre/groups/epigenereg01/workspace/projects/vale/mlm/models/zoonomia-3utr/ntrans-v2-100m-3utr-f//log: No such file or directory
grep: /lustre/groups/epigenereg01/workspace/projects/vale/mlm/models/zoonomia-3utr/ntrans-v2-100m-3utr-f//log: No such file or directory
grep: /lustre/groups/epigenereg01/workspace/projects/vale/mlm/models/zoonomia-3utr/ntrans-v2-100m-3utr-f//log: No such file or directory
grep: /lustre/groups/epigenereg01/workspace/projects/vale/mlm/models/zoonomia-3utr/ntrans-v2-100m-3utr-f//log: No such file or directory
grep: /lustre/groups/epigenereg01/workspace/projects/vale/mlm/models/zoonomia-3utr/ntrans-v2-100m-3utr-f//log: No such file or directory
grep: /lustre/groups/epigenereg01/workspace/projects/vale/mlm/models/zoonomia-3utr/ntrans-v2-100m-3utr-f//log: No such file or directory
grep: /lustre/groups/epigenereg01/workspace/projects/vale/mlm/models/zoonomia-3utr/ntrans-v2-100m-3utr-f//log: No such file or directory
grep: /lustre/groups/epigenereg01/workspace/projects/vale/mlm/models/zoonomia-3utr/ntrans-v2-100m-3utr-f//log: No such file or directory
grep: /lustre/groups/epigenereg01/workspace/projects/vale/mlm/models/zoonomia-3utr/ntrans-v2-100m-3utr-f//log: No such file or directory
grep: /lustre/groups/epigenereg01/workspace/projects/vale/mlm/models/zoonomia-3utr/ntrans-v2-100m-3utr-f//log: No such file or directory
grep: /lustre/groups/epigenereg01/workspace/projects/vale/mlm/models/zoonomia-3utr/ntrans-v2-100m-3utr-f//log: No such file or directory
grep: /lustre/groups/epigenereg01/workspace/projects/vale/mlm/models/zoonomia-3utr/ntrans-v2-100m-3utr-f//log: No such file or directory
grep: /lustre/groups/epigenereg01/workspace/projects/vale/mlm/models/zoonomia-3utr/ntrans-v2-100m-3utr-f//log: No such file or directory
grep: /lustre/groups/epigenereg01/workspace/projects/vale/mlm/models/zoonomia-3utr/ntrans-v2-100m-3utr-f//log: No such file or directory
grep: /lustre/groups/epigenereg01/workspace/projects/vale/mlm/models/zoonomia-3utr/ntrans-v2-100m-3utr-f//log: No such file or directory
grep: /lustre/groups/epigenereg01/workspace/projects/vale/mlm/models/zoonomia-3utr/ntrans-v2-100m-3utr-f//log: No such file or directory
grep: /lustre/groups/epigenereg01/workspace/projects/vale/mlm/models/zoonomia-3utr/ntrans-v2-100m-3utr-f//log: No such file or directory
grep: /lustre/groups/epigenereg01/workspace/projects/vale/mlm/models/zoonomia-3utr/ntrans-v2-100m-3utr-f//log: No such file or directory
grep: /lustre/groups/epigenereg01/workspace/projects/vale/mlm/models/zoonomia-3utr/ntrans-v2-100m-3utr-f//log: No such file or directory
grep: /lustre/groups/epigenereg01/workspace/projects/vale/mlm/models/zoonomia-3utr/ntrans-v2-100m-3utr-f//log: No such file or directory
grep: /lustre/groups/epigenereg01/workspace/projects/vale/mlm/models/zoonomia-3utr/ntrans-v2-100m-3utr-f//log: No such file or directory
grep: /lustre/groups/epigenereg01/workspace/projects/vale/mlm/models/zoonomia-3utr/ntrans-v2-100m-3utr-f//log: No such file or directory
grep: /lustre/groups/epigenereg01/workspace/projects/vale/mlm/models/zoonomia-3utr/ntrans-v2-100m-3utr-f//log: No such file or directory
grep: /lustre/groups/epigenereg01/workspace/projects/vale/mlm/models/zoonomia-3utr/ntrans-v2-100m-3utr-f//log: No such file or directory
grep: /lustre/groups/epigenereg01/workspace/projects/vale/mlm/models/zoonomia-3utr/ntrans-v2-100m-3utr-f//log: No such file or directory
grep: /lustre/groups/epigenereg01/workspace/projects/vale/mlm/models/zoonomia-3utr/ntrans-v2-100m-3utr-f//log: No such file or directory
grep: /lustre/groups/epigenereg01/workspace/projects/vale/mlm/models/zoonomia-3utr/ntrans-v2-100m-3utr-f//log: No such file or directory
grep: /lustre/groups/epigenereg01/workspace/projects/vale/mlm/models/zoonomia-3utr/ntrans-v2-100m-3utr-f//log: No such file or directory
grep: /lustre/groups/epigenereg01/workspace/projects/vale/mlm/models/zoonomia-3utr/ntrans-v2-100m-3utr-f//log: No such file or directory
grep: /lustre/groups/epigenereg01/workspace/projects/vale/mlm/models/zoonomia-3utr/ntrans-v2-100m-3utr-f//log: No such file or directory
grep: /lustre/groups/epigenereg01/workspace/projects/vale/mlm/models/zoonomia-3utr/ntrans-v2-100m-3utr-f//log: No such file or directory
grep: /lustre/groups/epigenereg01/workspace/projects/vale/mlm/models/zoonomia-3utr/ntrans-v2-100m-3utr-f//log: No such file or directory
grep: /lustre/groups/epigenereg01/workspace/projects/vale/mlm/models/zoonomia-3utr/ntrans-v2-100m-3utr-f//log: No such file or directory
grep: /lustre/groups/epigenereg01/workspace/projects/vale/mlm/models/zoonomia-3utr/ntrans-v2-100m-3utr-f//log: No such file or directory
grep: /lustre/groups/epigenereg01/workspace/projects/vale/mlm/models/zoonomia-3utr/ntrans-v2-100m-3utr-f//log: No such file or directory
grep: /lustre/groups/epigenereg01/workspace/projects/vale/mlm/models/zoonomia-3utr/ntrans-v2-100m-3utr-f//log: No such file or directory
grep: /lustre/groups/epigenereg01/workspace/projects/vale/mlm/models/zoonomia-3utr/ntrans-v2-100m-3utr-f//log: No such file or directory
grep: /lustre/groups/epigenereg01/workspace/projects/vale/mlm/models/zoonomia-3utr/ntrans-v2-100m-3utr-f//log: No such file or directory
grep: /lustre/groups/epigenereg01/workspace/projects/vale/mlm/models/zoonomia-3utr/ntrans-v2-100m-3utr-f//log: No such file or directory
grep: /lustre/groups/epigenereg01/workspace/projects/vale/mlm/models/zoonomia-3utr/ntrans-v2-100m-3utr-f//log: No such file or directory
grep: /lustre/groups/epigenereg01/workspace/projects/vale/mlm/models/zoonomia-3utr/ntrans-v2-100m-3utr-f//log: No such file or directory
grep: /lustre/groups/epigenereg01/workspace/projects/vale/mlm/models/zoonomia-3utr/ntrans-v2-100m-3utr-f//log: No such file or directory
grep: /lustre/groups/epigenereg01/workspace/projects/vale/mlm/models/zoonomia-3utr/ntrans-v2-100m-3utr-f//log: No such file or directory
grep: /lustre/groups/epigenereg01/workspace/projects/vale/mlm/models/zoonomia-3utr/ntrans-v2-100m-3utr-f//log: No such file or directory
grep: /lustre/groups/epigenereg01/workspace/projects/vale/mlm/models/zoonomia-3utr/ntrans-v2-100m-3utr-f//log: No such file or directory
grep: /lustre/groups/epigenereg01/workspace/projects/vale/mlm/models/zoonomia-3utr/ntrans-v2-100m-3utr-f//log: No such file or directory
grep: /lustre/groups/epigenereg01/workspace/projects/vale/mlm/models/zoonomia-3utr/ntrans-v2-100m-3utr-f//log: No such file or directory
grep: /lustre/groups/epigenereg01/workspace/projects/vale/mlm/models/zoonomia-3utr/ntrans-v2-100m-3utr-f//log: No such file or directory
grep: /lustre/groups/epigenereg01/workspace/projects/vale/mlm/models/zoonomia-3utr/ntrans-v2-100m-3utr-f//log: No such file or directory
grep: /lustre/groups/epigenereg01/workspace/projects/vale/mlm/models/zoonomia-3utr/ntrans-v2-100m-3utr-f//log: No such file or directory
grep: /lustre/groups/epigenereg01/workspace/projects/vale/mlm/models/zoonomia-3utr/ntrans-v2-100m-3utr-f//log: No such file or directory
grep: /lustre/groups/epigenereg01/workspace/projects/vale/mlm/models/zoonomia-3utr/ntrans-v2-100m-3utr-f//log: No such file or directory
grep: /lustre/groups/epigenereg01/workspace/projects/vale/mlm/models/zoonomia-3utr/ntrans-v2-100m-3utr-f//log: No such file or directory
grep: /lustre/groups/epigenereg01/workspace/projects/vale/mlm/models/zoonomia-3utr/ntrans-v2-100m-3utr-f//log: No such file or directory
grep: /lustre/groups/epigenereg01/workspace/projects/vale/mlm/models/zoonomia-3utr/ntrans-v2-100m-3utr-f//log: No such file or directory
grep: /lustre/groups/epigenereg01/workspace/projects/vale/mlm/models/zoonomia-3utr/ntrans-v2-100m-3utr-f//log: No such file or directory
grep: /lustre/groups/epigenereg01/workspace/projects/vale/mlm/models/zoonomia-3utr/ntrans-v2-100m-3utr-f//log: No such file or directory
grep: /lustre/groups/epigenereg01/workspace/projects/vale/mlm/models/zoonomia-3utr/ntrans-v2-100m-3utr-f//log: No such file or directory
grep: /lustre/groups/epigenereg01/workspace/projects/vale/mlm/models/zoonomia-3utr/ntrans-v2-100m-3utr-f//log: No such file or directory
grep: /lustre/groups/epigenereg01/workspace/projects/vale/mlm/models/zoonomia-3utr/ntrans-v2-100m-3utr-f//log: No such file or directory
grep: /lustre/groups/epigenereg01/workspace/projects/vale/mlm/models/zoonomia-3utr/ntrans-v2-100m-3utr-f//log: No such file or directory
grep: /lustre/groups/epigenereg01/workspace/projects/vale/mlm/models/zoonomia-3utr/ntrans-v2-100m-3utr-f//log: No such file or directory
grep: /lustre/groups/epigenereg01/workspace/projects/vale/mlm/models/zoonomia-3utr/ntrans-v2-100m-3utr-f//log: No such file or directory
grep: /lustre/groups/epigenereg01/workspace/projects/vale/mlm/models/zoonomia-3utr/ntrans-v2-100m-3utr-f//log: No such file or directory
grep: /lustre/groups/epigenereg01/workspace/projects/vale/mlm/models/zoonomia-3utr/ntrans-v2-100m-3utr-f//log: No such file or directory
grep: /lustre/groups/epigenereg01/workspace/projects/vale/mlm/models/zoonomia-3utr/ntrans-v2-100m-3utr-f//log: No such file or directory
grep: /lustre/groups/epigenereg01/workspace/projects/vale/mlm/models/zoonomia-3utr/ntrans-v2-100m-3utr-f//log: No such file or directory
grep: /lustre/groups/epigenereg01/workspace/projects/vale/mlm/models/zoonomia-3utr/ntrans-v2-100m-3utr-f//log: No such file or directory
grep: /lustre/groups/epigenereg01/workspace/projects/vale/mlm/models/zoonomia-3utr/ntrans-v2-100m-3utr-f//log: No such file or directory
grep: /lustre/groups/epigenereg01/workspace/projects/vale/mlm/models/zoonomia-3utr/ntrans-v2-100m-3utr-f//log: No such file or directory
grep: /lustre/groups/epigenereg01/workspace/projects/vale/mlm/models/zoonomia-3utr/ntrans-v2-100m-3utr-f//log: No such file or directory
grep: /lustre/groups/epigenereg01/workspace/projects/vale/mlm/models/zoonomia-3utr/ntrans-v2-100m-3utr-f//log: No such file or directory
grep: /lustre/groups/epigenereg01/workspace/projects/vale/mlm/models/zoonomia-3utr/ntrans-v2-100m-3utr-f//log: No such file or directory
grep: /lustre/groups/epigenereg01/workspace/projects/vale/mlm/models/zoonomia-3utr/ntrans-v2-100m-3utr-f//log: No such file or directory
grep: /lustre/groups/epigenereg01/workspace/projects/vale/mlm/models/zoonomia-3utr/ntrans-v2-100m-3utr-f//log: No such file or directory
grep: /lustre/groups/epigenereg01/workspace/projects/vale/mlm/models/zoonomia-3utr/ntrans-v2-100m-3utr-f//log: No such file or directory
grep: /lustre/groups/epigenereg01/workspace/projects/vale/mlm/models/zoonomia-3utr/ntrans-v2-100m-3utr-f//log: No such file or directory
grep: /lustre/groups/epigenereg01/workspace/projects/vale/mlm/models/zoonomia-3utr/ntrans-v2-100m-3utr-f//log: No such file or directory
grep: /lustre/groups/epigenereg01/workspace/projects/vale/mlm/models/zoonomia-3utr/ntrans-v2-100m-3utr-f//log: No such file or directory
grep: /lustre/groups/epigenereg01/workspace/projects/vale/mlm/models/zoonomia-3utr/ntrans-v2-100m-3utr-f//log: No such file or directory
grep: /lustre/groups/epigenereg01/workspace/projects/vale/mlm/models/zoonomia-3utr/ntrans-v2-100m-3utr-f//log: No such file or directory
grep: /lustre/groups/epigenereg01/workspace/projects/vale/mlm/models/zoonomia-3utr/ntrans-v2-100m-3utr-f//log: No such file or directory
grep: /lustre/groups/epigenereg01/workspace/projects/vale/mlm/models/zoonomia-3utr/ntrans-v2-100m-3utr-f//log: No such file or directory
grep: /lustre/groups/epigenereg01/workspace/projects/vale/mlm/models/zoonomia-3utr/ntrans-v2-100m-3utr-f//log: No such file or directory
grep: /lustre/groups/epigenereg01/workspace/projects/vale/mlm/models/zoonomia-3utr/ntrans-v2-100m-3utr-f//log: No such file or directory
grep: /lustre/groups/epigenereg01/workspace/projects/vale/mlm/models/zoonomia-3utr/ntrans-v2-100m-3utr-f//log: No such file or directory
grep: /lustre/groups/epigenereg01/workspace/projects/vale/mlm/models/zoonomia-3utr/ntrans-v2-100m-3utr-f//log: No such file or directory
grep: /lustre/groups/epigenereg01/workspace/projects/vale/mlm/models/zoonomia-3utr/ntrans-v2-100m-3utr-f//log: No such file or directory
grep: /lustre/groups/epigenereg01/workspace/projects/vale/mlm/models/zoonomia-3utr/ntrans-v2-100m-3utr-f//log: No such file or directory
grep: /lustre/groups/epigenereg01/workspace/projects/vale/mlm/models/zoonomia-3utr/ntrans-v2-100m-3utr-f//log: No such file or directory
grep: /lustre/groups/epigenereg01/workspace/projects/vale/mlm/models/zoonomia-3utr/ntrans-v2-100m-3utr-f//log: No such file or directory
grep: /lustre/groups/epigenereg01/workspace/projects/vale/mlm/models/zoonomia-3utr/ntrans-v2-100m-3utr-f//log: No such file or directory
grep: /lustre/groups/epigenereg01/workspace/projects/vale/mlm/models/zoonomia-3utr/ntrans-v2-100m-3utr-f//log: No such file or directory
grep: /lustre/groups/epigenereg01/workspace/projects/vale/mlm/models/zoonomia-3utr/ntrans-v2-100m-3utr-f//log: No such file or directory
grep: /lustre/groups/epigenereg01/workspace/projects/vale/mlm/models/zoonomia-3utr/ntrans-v2-100m-3utr-f//log: No such file or directory
grep: /lustre/groups/epigenereg01/workspace/projects/vale/mlm/models/zoonomia-3utr/ntrans-v2-100m-3utr-f//log: No such file or directory
grep: /lustre/groups/epigenereg01/workspace/projects/vale/mlm/models/zoonomia-3utr/ntrans-v2-100m-3utr-f//log: No such file or directory
grep: /lustre/groups/epigenereg01/workspace/projects/vale/mlm/models/zoonomia-3utr/ntrans-v2-100m-3utr-f//log: No such file or directory
grep: /lustre/groups/epigenereg01/workspace/projects/vale/mlm/models/zoonomia-3utr/ntrans-v2-100m-3utr-f//log: No such file or directory
grep: /lustre/groups/epigenereg01/workspace/projects/vale/mlm/models/zoonomia-3utr/ntrans-v2-100m-3utr-f//log: No such file or directory
grep: /lustre/groups/epigenereg01/workspace/projects/vale/mlm/models/zoonomia-3utr/ntrans-v2-100m-3utr-f//log: No such file or directory
grep: /lustre/groups/epigenereg01/workspace/projects/vale/mlm/models/zoonomia-3utr/ntrans-v2-100m-3utr-f//log: No such file or directory
grep: /lustre/groups/epigenereg01/workspace/projects/vale/mlm/models/zoonomia-3utr/ntrans-v2-100m-3utr-f//log: No such file or directory
grep: /lustre/groups/epigenereg01/workspace/projects/vale/mlm/models/zoonomia-3utr/ntrans-v2-100m-3utr-f//log: No such file or directory
grep: /lustre/groups/epigenereg01/workspace/projects/vale/mlm/models/zoonomia-3utr/ntrans-v2-100m-3utr-f//log: No such file or directory
grep: /lustre/groups/epigenereg01/workspace/projects/vale/mlm/models/zoonomia-3utr/ntrans-v2-100m-3utr-f//log: No such file or directory
grep: /lustre/groups/epigenereg01/workspace/projects/vale/mlm/models/zoonomia-3utr/ntrans-v2-100m-3utr-f//log: No such file or directory
grep: /lustre/groups/epigenereg01/workspace/projects/vale/mlm/models/zoonomia-3utr/ntrans-v2-100m-3utr-f//log: No such file or directory
grep: /lustre/groups/epigenereg01/workspace/projects/vale/mlm/models/zoonomia-3utr/ntrans-v2-100m-3utr-f//log: No such file or directory
grep: /lustre/groups/epigenereg01/workspace/projects/vale/mlm/models/zoonomia-3utr/ntrans-v2-100m-3utr-f//log: No such file or directory
grep: /lustre/groups/epigenereg01/workspace/projects/vale/mlm/models/zoonomia-3utr/ntrans-v2-100m-3utr-f//log: No such file or directory
grep: /lustre/groups/epigenereg01/workspace/projects/vale/mlm/models/zoonomia-3utr/ntrans-v2-100m-3utr-f//log: No such file or directory
grep: /lustre/groups/epigenereg01/workspace/projects/vale/mlm/models/zoonomia-3utr/ntrans-v2-100m-3utr-f//log: No such file or directory
grep: /lustre/groups/epigenereg01/workspace/projects/vale/mlm/models/zoonomia-3utr/ntrans-v2-100m-3utr-f//log: No such file or directory
grep: /lustre/groups/epigenereg01/workspace/projects/vale/mlm/models/zoonomia-3utr/ntrans-v2-100m-3utr-f//log: No such file or directory
grep: /lustre/groups/epigenereg01/workspace/projects/vale/mlm/models/zoonomia-3utr/ntrans-v2-100m-3utr-f//log: No such file or directory
grep: /lustre/groups/epigenereg01/workspace/projects/vale/mlm/models/zoonomia-3utr/ntrans-v2-100m-3utr-f//log: No such file or directory
grep: /lustre/groups/epigenereg01/workspace/projects/vale/mlm/models/zoonomia-3utr/ntrans-v2-100m-3utr-f//log: No such file or directory
grep: /lustre/groups/epigenereg01/workspace/projects/vale/mlm/models/zoonomia-3utr/ntrans-v2-100m-3utr-f//log: No such file or directory
grep: /lustre/groups/epigenereg01/workspace/projects/vale/mlm/models/zoonomia-3utr/ntrans-v2-100m-3utr-f//log: No such file or directory
grep: /lustre/groups/epigenereg01/workspace/projects/vale/mlm/models/zoonomia-3utr/ntrans-v2-100m-3utr-f//log: No such file or directory
grep: /lustre/groups/epigenereg01/workspace/projects/vale/mlm/models/zoonomia-3utr/ntrans-v2-100m-3utr-f//log: No such file or directory
grep: /lustre/groups/epigenereg01/workspace/projects/vale/mlm/models/zoonomia-3utr/ntrans-v2-100m-3utr-f//log: No such file or directory
grep: /lustre/groups/epigenereg01/workspace/projects/vale/mlm/models/zoonomia-3utr/ntrans-v2-100m-3utr-f//log: No such file or directory
grep: /lustre/groups/epigenereg01/workspace/projects/vale/mlm/models/zoonomia-3utr/ntrans-v2-100m-3utr-f//log: No such file or directory
grep: /lustre/groups/epigenereg01/workspace/projects/vale/mlm/models/zoonomia-3utr/ntrans-v2-100m-3utr-f//log: No such file or directory
grep: /lustre/groups/epigenereg01/workspace/projects/vale/mlm/models/zoonomia-3utr/ntrans-v2-100m-3utr-f//log: No such file or directory
grep: /lustre/groups/epigenereg01/workspace/projects/vale/mlm/models/zoonomia-3utr/ntrans-v2-100m-3utr-f//log: No such file or directory
grep: /lustre/groups/epigenereg01/workspace/projects/vale/mlm/models/zoonomia-3utr/ntrans-v2-100m-3utr-f//log: No such file or directory
grep: /lustre/groups/epigenereg01/workspace/projects/vale/mlm/models/zoonomia-3utr/ntrans-v2-100m-3utr-f//log: No such file or directory
grep: /lustre/groups/epigenereg01/workspace/projects/vale/mlm/models/zoonomia-3utr/ntrans-v2-100m-3utr-f//log: No such file or directory
grep: /lustre/groups/epigenereg01/workspace/projects/vale/mlm/models/zoonomia-3utr/ntrans-v2-100m-3utr-f//log: No such file or directory
grep: /lustre/groups/epigenereg01/workspace/projects/vale/mlm/models/zoonomia-3utr/ntrans-v2-100m-3utr-f//log: No such file or directory
grep: /lustre/groups/epigenereg01/workspace/projects/vale/mlm/models/zoonomia-3utr/ntrans-v2-100m-3utr-f//log: No such file or directory
grep: /lustre/groups/epigenereg01/workspace/projects/vale/mlm/models/zoonomia-3utr/ntrans-v2-100m-3utr-f//log: No such file or directory
grep: /lustre/groups/epigenereg01/workspace/projects/vale/mlm/models/zoonomia-3utr/ntrans-v2-100m-3utr-f//log: No such file or directory
grep: /lustre/groups/epigenereg01/workspace/projects/vale/mlm/models/zoonomia-3utr/ntrans-v2-100m-3utr-f//log: No such file or directory
grep: /lustre/groups/epigenereg01/workspace/projects/vale/mlm/models/zoonomia-3utr/ntrans-v2-100m-3utr-f//log: No such file or directory
grep: /lustre/groups/epigenereg01/workspace/projects/vale/mlm/models/zoonomia-3utr/ntrans-v2-100m-3utr-f//log: No such file or directory
grep: /lustre/groups/epigenereg01/workspace/projects/vale/mlm/models/zoonomia-3utr/ntrans-v2-100m-3utr-f//log: No such file or directory
grep: /lustre/groups/epigenereg01/workspace/projects/vale/mlm/models/zoonomia-3utr/ntrans-v2-100m-3utr-f//log: No such file or directory
grep: /lustre/groups/epigenereg01/workspace/projects/vale/mlm/models/zoonomia-3utr/ntrans-v2-100m-3utr-f//log: No such file or directory
grep: /lustre/groups/epigenereg01/workspace/projects/vale/mlm/models/zoonomia-3utr/ntrans-v2-100m-3utr-f//log: No such file or directory
grep: /lustre/groups/epigenereg01/workspace/projects/vale/mlm/models/zoonomia-3utr/ntrans-v2-100m-3utr-f//log: No such file or directory
grep: /lustre/groups/epigenereg01/workspace/projects/vale/mlm/models/zoonomia-3utr/ntrans-v2-100m-3utr-f//log: No such file or directory
grep: /lustre/groups/epigenereg01/workspace/projects/vale/mlm/models/zoonomia-3utr/ntrans-v2-100m-3utr-f//log: No such file or directory
grep: /lustre/groups/epigenereg01/workspace/projects/vale/mlm/models/zoonomia-3utr/ntrans-v2-100m-3utr-f//log: No such file or directory
grep: /lustre/groups/epigenereg01/workspace/projects/vale/mlm/models/zoonomia-3utr/ntrans-v2-100m-3utr-f//log: No such file or directory
grep: /lustre/groups/epigenereg01/workspace/projects/vale/mlm/models/zoonomia-3utr/ntrans-v2-100m-3utr-f//log: No such file or directory
grep: /lustre/groups/epigenereg01/workspace/projects/vale/mlm/models/zoonomia-3utr/ntrans-v2-100m-3utr-f//log: No such file or directory
grep: /lustre/groups/epigenereg01/workspace/projects/vale/mlm/models/zoonomia-3utr/ntrans-v2-100m-3utr-f//log: No such file or directory
grep: /lustre/groups/epigenereg01/workspace/projects/vale/mlm/models/zoonomia-3utr/ntrans-v2-100m-3utr-f//log: No such file or directory
grep: /lustre/groups/epigenereg01/workspace/projects/vale/mlm/models/zoonomia-3utr/ntrans-v2-100m-3utr-f//log: No such file or directory
grep: /lustre/groups/epigenereg01/workspace/projects/vale/mlm/models/zoonomia-3utr/ntrans-v2-100m-3utr-f//log: No such file or directory
grep: /lustre/groups/epigenereg01/workspace/projects/vale/mlm/models/zoonomia-3utr/ntrans-v2-100m-3utr-f//log: No such file or directory
grep: /lustre/groups/epigenereg01/workspace/projects/vale/mlm/models/zoonomia-3utr/ntrans-v2-100m-3utr-f//log: No such file or directory
grep: /lustre/groups/epigenereg01/workspace/projects/vale/mlm/models/zoonomia-3utr/ntrans-v2-100m-3utr-f//log: No such file or directory
grep: /lustre/groups/epigenereg01/workspace/projects/vale/mlm/models/zoonomia-3utr/ntrans-v2-100m-3utr-f//log: No such file or directory
grep: /lustre/groups/epigenereg01/workspace/projects/vale/mlm/models/zoonomia-3utr/ntrans-v2-100m-3utr-f//log: No such file or directory
grep: /lustre/groups/epigenereg01/workspace/projects/vale/mlm/models/zoonomia-3utr/ntrans-v2-100m-3utr-f//log: No such file or directory
grep: /lustre/groups/epigenereg01/workspace/projects/vale/mlm/models/zoonomia-3utr/ntrans-v2-100m-3utr-f//log: No such file or directory
grep: /lustre/groups/epigenereg01/workspace/projects/vale/mlm/models/zoonomia-3utr/ntrans-v2-100m-3utr-f//log: No such file or directory
grep: /lustre/groups/epigenereg01/workspace/projects/vale/mlm/models/zoonomia-3utr/ntrans-v2-100m-3utr-f//log: No such file or directory
grep: /lustre/groups/epigenereg01/workspace/projects/vale/mlm/models/zoonomia-3utr/ntrans-v2-100m-3utr-f//log: No such file or directory
grep: /lustre/groups/epigenereg01/workspace/projects/vale/mlm/models/zoonomia-3utr/ntrans-v2-100m-3utr-f//log: No such file or directory
grep: /lustre/groups/epigenereg01/workspace/projects/vale/mlm/models/zoonomia-3utr/ntrans-v2-100m-3utr-f//log: No such file or directory
grep: /lustre/groups/epigenereg01/workspace/projects/vale/mlm/models/zoonomia-3utr/ntrans-v2-100m-3utr-f//log: No such file or directory
grep: /lustre/groups/epigenereg01/workspace/projects/vale/mlm/models/zoonomia-3utr/ntrans-v2-100m-3utr-f//log: No such file or directory
grep: /lustre/groups/epigenereg01/workspace/projects/vale/mlm/models/zoonomia-3utr/ntrans-v2-100m-3utr-f//log: No such file or directory
grep: /lustre/groups/epigenereg01/workspace/projects/vale/mlm/models/zoonomia-3utr/ntrans-v2-100m-3utr-f//log: No such file or directory
grep: /lustre/groups/epigenereg01/workspace/projects/vale/mlm/models/zoonomia-3utr/ntrans-v2-100m-3utr-f//log: No such file or directory
grep: /lustre/groups/epigenereg01/workspace/projects/vale/mlm/models/zoonomia-3utr/ntrans-v2-100m-3utr-f//log: No such file or directory
grep: /lustre/groups/epigenereg01/workspace/projects/vale/mlm/models/zoonomia-3utr/ntrans-v2-100m-3utr-f//log: No such file or directory
grep: /lustre/groups/epigenereg01/workspace/projects/vale/mlm/models/zoonomia-3utr/ntrans-v2-100m-3utr-f//log: No such file or directory
grep: /lustre/groups/epigenereg01/workspace/projects/vale/mlm/models/zoonomia-3utr/ntrans-v2-100m-3utr-f//log: No such file or directory
grep: /lustre/groups/epigenereg01/workspace/projects/vale/mlm/models/zoonomia-3utr/ntrans-v2-100m-3utr-f//log: No such file or directory
grep: /lustre/groups/epigenereg01/workspace/projects/vale/mlm/models/zoonomia-3utr/ntrans-v2-100m-3utr-f//log: No such file or directory
grep: /lustre/groups/epigenereg01/workspace/projects/vale/mlm/models/zoonomia-3utr/ntrans-v2-100m-3utr-f//log: No such file or directory
grep: /lustre/groups/epigenereg01/workspace/projects/vale/mlm/models/zoonomia-3utr/ntrans-v2-100m-3utr-f//log: No such file or directory
grep: /lustre/groups/epigenereg01/workspace/projects/vale/mlm/models/zoonomia-3utr/ntrans-v2-100m-3utr-f//log: No such file or directory
grep: /lustre/groups/epigenereg01/workspace/projects/vale/mlm/models/zoonomia-3utr/ntrans-v2-100m-3utr-f//log: No such file or directory
grep: /lustre/groups/epigenereg01/workspace/projects/vale/mlm/models/zoonomia-3utr/ntrans-v2-100m-3utr-f//log: No such file or directory
grep: /lustre/groups/epigenereg01/workspace/projects/vale/mlm/models/zoonomia-3utr/ntrans-v2-100m-3utr-f//log: No such file or directory
grep: /lustre/groups/epigenereg01/workspace/projects/vale/mlm/models/zoonomia-3utr/ntrans-v2-100m-3utr-f//log: No such file or directory
grep: /lustre/groups/epigenereg01/workspace/projects/vale/mlm/models/zoonomia-3utr/ntrans-v2-100m-3utr-f//log: No such file or directory
grep: /lustre/groups/epigenereg01/workspace/projects/vale/mlm/models/zoonomia-3utr/ntrans-v2-100m-3utr-f//log: No such file or directory
grep: /lustre/groups/epigenereg01/workspace/projects/vale/mlm/models/zoonomia-3utr/ntrans-v2-100m-3utr-f//log: No such file or directory
grep: /lustre/groups/epigenereg01/workspace/projects/vale/mlm/models/zoonomia-3utr/ntrans-v2-100m-3utr-f//log: No such file or directory
grep: /lustre/groups/epigenereg01/workspace/projects/vale/mlm/models/zoonomia-3utr/ntrans-v2-100m-3utr-f//log: No such file or directory
grep: /lustre/groups/epigenereg01/workspace/projects/vale/mlm/models/zoonomia-3utr/ntrans-v2-100m-3utr-f//log: No such file or directory
grep: /lustre/groups/epigenereg01/workspace/projects/vale/mlm/models/zoonomia-3utr/ntrans-v2-100m-3utr-f//log: No such file or directory
grep: /lustre/groups/epigenereg01/workspace/projects/vale/mlm/models/zoonomia-3utr/ntrans-v2-100m-3utr-f//log: No such file or directory
grep: /lustre/groups/epigenereg01/workspace/projects/vale/mlm/models/zoonomia-3utr/ntrans-v2-100m-3utr-f//log: No such file or directory
grep: /lustre/groups/epigenereg01/workspace/projects/vale/mlm/models/zoonomia-3utr/ntrans-v2-100m-3utr-f//log: No such file or directory
grep: /lustre/groups/epigenereg01/workspace/projects/vale/mlm/models/zoonomia-3utr/ntrans-v2-100m-3utr-f//log: No such file or directory
grep: /lustre/groups/epigenereg01/workspace/projects/vale/mlm/models/zoonomia-3utr/ntrans-v2-100m-3utr-f//log: No such file or directory
grep: /lustre/groups/epigenereg01/workspace/projects/vale/mlm/models/zoonomia-3utr/ntrans-v2-100m-3utr-f//log: No such file or directory
grep: /lustre/groups/epigenereg01/workspace/projects/vale/mlm/models/zoonomia-3utr/ntrans-v2-100m-3utr-f//log: No such file or directory
grep: /lustre/groups/epigenereg01/workspace/projects/vale/mlm/models/zoonomia-3utr/ntrans-v2-100m-3utr-f//log: No such file or directory
grep: /lustre/groups/epigenereg01/workspace/projects/vale/mlm/models/zoonomia-3utr/ntrans-v2-100m-3utr-f//log: No such file or directory
grep: /lustre/groups/epigenereg01/workspace/projects/vale/mlm/models/zoonomia-3utr/ntrans-v2-100m-3utr-f//log: No such file or directory
grep: /lustre/groups/epigenereg01/workspace/projects/vale/mlm/models/zoonomia-3utr/ntrans-v2-100m-3utr-f//log: No such file or directory
grep: /lustre/groups/epigenereg01/workspace/projects/vale/mlm/models/zoonomia-3utr/ntrans-v2-100m-3utr-f//log: No such file or directory
grep: /lustre/groups/epigenereg01/workspace/projects/vale/mlm/models/zoonomia-3utr/ntrans-v2-100m-3utr-f//log: No such file or directory
grep: /lustre/groups/epigenereg01/workspace/projects/vale/mlm/models/zoonomia-3utr/ntrans-v2-100m-3utr-f//log: No such file or directory
grep: /lustre/groups/epigenereg01/workspace/projects/vale/mlm/models/zoonomia-3utr/ntrans-v2-100m-3utr-f//log: No such file or directory
grep: /lustre/groups/epigenereg01/workspace/projects/vale/mlm/models/zoonomia-3utr/ntrans-v2-100m-3utr-f//log: No such file or directory
grep: /lustre/groups/epigenereg01/workspace/projects/vale/mlm/models/zoonomia-3utr/ntrans-v2-100m-3utr-f//log: No such file or directory
grep: /lustre/groups/epigenereg01/workspace/projects/vale/mlm/models/zoonomia-3utr/ntrans-v2-100m-3utr-f//log: No such file or directory
grep: /lustre/groups/epigenereg01/workspace/projects/vale/mlm/models/zoonomia-3utr/ntrans-v2-100m-3utr-f//log: No such file or directory
grep: /lustre/groups/epigenereg01/workspace/projects/vale/mlm/models/zoonomia-3utr/ntrans-v2-100m-3utr-f//log: No such file or directory
grep: /lustre/groups/epigenereg01/workspace/projects/vale/mlm/models/zoonomia-3utr/ntrans-v2-100m-3utr-f//log: No such file or directory
grep: /lustre/groups/epigenereg01/workspace/projects/vale/mlm/models/zoonomia-3utr/ntrans-v2-100m-3utr-f//log: No such file or directory
grep: /lustre/groups/epigenereg01/workspace/projects/vale/mlm/models/zoonomia-3utr/ntrans-v2-100m-3utr-f//log: No such file or directory
grep: /lustre/groups/epigenereg01/workspace/projects/vale/mlm/models/zoonomia-3utr/ntrans-v2-100m-3utr-f//log: No such file or directory
grep: /lustre/groups/epigenereg01/workspace/projects/vale/mlm/models/zoonomia-3utr/ntrans-v2-100m-3utr-f//log: No such file or directory
grep: /lustre/groups/epigenereg01/workspace/projects/vale/mlm/models/zoonomia-3utr/ntrans-v2-100m-3utr-f//log: No such file or directory
grep: /lustre/groups/epigenereg01/workspace/projects/vale/mlm/models/zoonomia-3utr/ntrans-v2-100m-3utr-f//log: No such file or directory
grep: /lustre/groups/epigenereg01/workspace/projects/vale/mlm/models/zoonomia-3utr/ntrans-v2-100m-3utr-f//log: No such file or directory
grep: /lustre/groups/epigenereg01/workspace/projects/vale/mlm/models/zoonomia-3utr/ntrans-v2-100m-3utr-f//log: No such file or directory
grep: /lustre/groups/epigenereg01/workspace/projects/vale/mlm/models/zoonomia-3utr/ntrans-v2-100m-3utr-f//log: No such file or directory
grep: /lustre/groups/epigenereg01/workspace/projects/vale/mlm/models/zoonomia-3utr/ntrans-v2-100m-3utr-f//log: No such file or directory
grep: /lustre/groups/epigenereg01/workspace/projects/vale/mlm/models/zoonomia-3utr/ntrans-v2-100m-3utr-f//log: No such file or directory
grep: /lustre/groups/epigenereg01/workspace/projects/vale/mlm/models/zoonomia-3utr/ntrans-v2-100m-3utr-f//log: No such file or directory
grep: /lustre/groups/epigenereg01/workspace/projects/vale/mlm/models/zoonomia-3utr/ntrans-v2-100m-3utr-f//log: No such file or directory
grep: /lustre/groups/epigenereg01/workspace/projects/vale/mlm/models/zoonomia-3utr/ntrans-v2-100m-3utr-f//log: No such file or directory
grep: /lustre/groups/epigenereg01/workspace/projects/vale/mlm/models/zoonomia-3utr/ntrans-v2-100m-3utr-f//log: No such file or directory
grep: /lustre/groups/epigenereg01/workspace/projects/vale/mlm/models/zoonomia-3utr/ntrans-v2-100m-3utr-f//log: No such file or directory
grep: /lustre/groups/epigenereg01/workspace/projects/vale/mlm/models/zoonomia-3utr/ntrans-v2-100m-3utr-f//log: No such file or directory
grep: /lustre/groups/epigenereg01/workspace/projects/vale/mlm/models/zoonomia-3utr/ntrans-v2-100m-3utr-f//log: No such file or directory
grep: /lustre/groups/epigenereg01/workspace/projects/vale/mlm/models/zoonomia-3utr/ntrans-v2-100m-3utr-f//log: No such file or directory
grep: /lustre/groups/epigenereg01/workspace/projects/vale/mlm/models/zoonomia-3utr/ntrans-v2-100m-3utr-f//log: No such file or directory
grep: /lustre/groups/epigenereg01/workspace/projects/vale/mlm/models/zoonomia-3utr/ntrans-v2-100m-3utr-f//log: No such file or directory
grep: /lustre/groups/epigenereg01/workspace/projects/vale/mlm/models/zoonomia-3utr/ntrans-v2-100m-3utr-f//log: No such file or directory
grep: /lustre/groups/epigenereg01/workspace/projects/vale/mlm/models/zoonomia-3utr/ntrans-v2-100m-3utr-f//log: No such file or directory
grep: /lustre/groups/epigenereg01/workspace/projects/vale/mlm/models/zoonomia-3utr/ntrans-v2-100m-3utr-f//log: No such file or directory
grep: /lustre/groups/epigenereg01/workspace/projects/vale/mlm/models/zoonomia-3utr/ntrans-v2-100m-3utr-f//log: No such file or directory
grep: /lustre/groups/epigenereg01/workspace/projects/vale/mlm/models/zoonomia-3utr/ntrans-v2-100m-3utr-f//log: No such file or directory
grep: /lustre/groups/epigenereg01/workspace/projects/vale/mlm/models/zoonomia-3utr/ntrans-v2-100m-3utr-f//log: No such file or directory
grep: /lustre/groups/epigenereg01/workspace/projects/vale/mlm/models/zoonomia-3utr/ntrans-v2-100m-3utr-f//log: No such file or directory
grep: /lustre/groups/epigenereg01/workspace/projects/vale/mlm/models/zoonomia-3utr/ntrans-v2-100m-3utr-f//log: No such file or directory
grep: /lustre/groups/epigenereg01/workspace/projects/vale/mlm/models/zoonomia-3utr/ntrans-v2-100m-3utr-f//log: No such file or directory
grep: /lustre/groups/epigenereg01/workspace/projects/vale/mlm/models/zoonomia-3utr/ntrans-v2-100m-3utr-f//log: No such file or directory
grep: /lustre/groups/epigenereg01/workspace/projects/vale/mlm/models/zoonomia-3utr/ntrans-v2-100m-3utr-f//log: No such file or directory
grep: /lustre/groups/epigenereg01/workspace/projects/vale/mlm/models/zoonomia-3utr/ntrans-v2-100m-3utr-f//log: No such file or directory
grep: /lustre/groups/epigenereg01/workspace/projects/vale/mlm/models/zoonomia-3utr/ntrans-v2-100m-3utr-f//log: No such file or directory
grep: /lustre/groups/epigenereg01/workspace/projects/vale/mlm/models/zoonomia-3utr/ntrans-v2-100m-3utr-f//log: No such file or directory
grep: /lustre/groups/epigenereg01/workspace/projects/vale/mlm/models/zoonomia-3utr/ntrans-v2-100m-3utr-f//log: No such file or directory
grep: /lustre/groups/epigenereg01/workspace/projects/vale/mlm/models/zoonomia-3utr/ntrans-v2-100m-3utr-f//log: No such file or directory
grep: /lustre/groups/epigenereg01/workspace/projects/vale/mlm/models/zoonomia-3utr/ntrans-v2-100m-3utr-f//log: No such file or directory
grep: /lustre/groups/epigenereg01/workspace/projects/vale/mlm/models/zoonomia-3utr/ntrans-v2-100m-3utr-f//log: No such file or directory
grep: /lustre/groups/epigenereg01/workspace/projects/vale/mlm/models/zoonomia-3utr/ntrans-v2-100m-3utr-f//log: No such file or directory
grep: /lustre/groups/epigenereg01/workspace/projects/vale/mlm/models/zoonomia-3utr/ntrans-v2-100m-3utr-f//log: No such file or directory
grep: /lustre/groups/epigenereg01/workspace/projects/vale/mlm/models/zoonomia-3utr/ntrans-v2-100m-3utr-f//log: No such file or directory
grep: /lustre/groups/epigenereg01/workspace/projects/vale/mlm/models/zoonomia-3utr/ntrans-v2-100m-3utr-f//log: No such file or directory
grep: /lustre/groups/epigenereg01/workspace/projects/vale/mlm/models/zoonomia-3utr/ntrans-v2-100m-3utr-f//log: No such file or directory
grep: /lustre/groups/epigenereg01/workspace/projects/vale/mlm/models/zoonomia-3utr/ntrans-v2-100m-3utr-f//log: No such file or directory
grep: /lustre/groups/epigenereg01/workspace/projects/vale/mlm/models/zoonomia-3utr/ntrans-v2-100m-3utr-f//log: No such file or directory
grep: /lustre/groups/epigenereg01/workspace/projects/vale/mlm/models/zoonomia-3utr/ntrans-v2-100m-3utr-f//log: No such file or directory
grep: /lustre/groups/epigenereg01/workspace/projects/vale/mlm/models/zoonomia-3utr/ntrans-v2-100m-3utr-f//log: No such file or directory
grep: /lustre/groups/epigenereg01/workspace/projects/vale/mlm/models/zoonomia-3utr/ntrans-v2-100m-3utr-f//log: No such file or directory
grep: /lustre/groups/epigenereg01/workspace/projects/vale/mlm/models/zoonomia-3utr/ntrans-v2-100m-3utr-f//log: No such file or directory
grep: /lustre/groups/epigenereg01/workspace/projects/vale/mlm/models/zoonomia-3utr/ntrans-v2-100m-3utr-f//log: No such file or directory
grep: /lustre/groups/epigenereg01/workspace/projects/vale/mlm/models/zoonomia-3utr/ntrans-v2-100m-3utr-f//log: No such file or directory
grep: /lustre/groups/epigenereg01/workspace/projects/vale/mlm/models/zoonomia-3utr/ntrans-v2-100m-3utr-f//log: No such file or directory
grep: /lustre/groups/epigenereg01/workspace/projects/vale/mlm/models/zoonomia-3utr/ntrans-v2-100m-3utr-f//log: No such file or directory
grep: /lustre/groups/epigenereg01/workspace/projects/vale/mlm/models/zoonomia-3utr/ntrans-v2-100m-3utr-f//log: No such file or directory
grep: /lustre/groups/epigenereg01/workspace/projects/vale/mlm/models/zoonomia-3utr/ntrans-v2-100m-3utr-f//log: No such file or directory
grep: /lustre/groups/epigenereg01/workspace/projects/vale/mlm/models/zoonomia-3utr/ntrans-v2-100m-3utr-f//log: No such file or directory
grep: /lustre/groups/epigenereg01/workspace/projects/vale/mlm/models/zoonomia-3utr/ntrans-v2-100m-3utr-f//log: No such file or directory
grep: /lustre/groups/epigenereg01/workspace/projects/vale/mlm/models/zoonomia-3utr/ntrans-v2-100m-3utr-f//log: No such file or directory
grep: /lustre/groups/epigenereg01/workspace/projects/vale/mlm/models/zoonomia-3utr/ntrans-v2-100m-3utr-f//log: No such file or directory
grep: /lustre/groups/epigenereg01/workspace/projects/vale/mlm/models/zoonomia-3utr/ntrans-v2-100m-3utr-f//log: No such file or directory
grep: /lustre/groups/epigenereg01/workspace/projects/vale/mlm/models/zoonomia-3utr/ntrans-v2-100m-3utr-f//log: No such file or directory
grep: /lustre/groups/epigenereg01/workspace/projects/vale/mlm/models/zoonomia-3utr/ntrans-v2-100m-3utr-f//log: No such file or directory
grep: /lustre/groups/epigenereg01/workspace/projects/vale/mlm/models/zoonomia-3utr/ntrans-v2-100m-3utr-f//log: No such file or directory
grep: /lustre/groups/epigenereg01/workspace/projects/vale/mlm/models/zoonomia-3utr/ntrans-v2-100m-3utr-f//log: No such file or directory
grep: /lustre/groups/epigenereg01/workspace/projects/vale/mlm/models/zoonomia-3utr/ntrans-v2-100m-3utr-f//log: No such file or directory
grep: /lustre/groups/epigenereg01/workspace/projects/vale/mlm/models/zoonomia-3utr/ntrans-v2-100m-3utr-f//log: No such file or directory
grep: /lustre/groups/epigenereg01/workspace/projects/vale/mlm/models/zoonomia-3utr/ntrans-v2-100m-3utr-f//log: No such file or directory
grep: /lustre/groups/epigenereg01/workspace/projects/vale/mlm/models/zoonomia-3utr/ntrans-v2-100m-3utr-f//log: No such file or directory
grep: /lustre/groups/epigenereg01/workspace/projects/vale/mlm/models/zoonomia-3utr/ntrans-v2-100m-3utr-f//log: No such file or directory
grep: /lustre/groups/epigenereg01/workspace/projects/vale/mlm/models/zoonomia-3utr/ntrans-v2-100m-3utr-f//log: No such file or directory
grep: /lustre/groups/epigenereg01/workspace/projects/vale/mlm/models/zoonomia-3utr/ntrans-v2-100m-3utr-f//log: No such file or directory
grep: /lustre/groups/epigenereg01/workspace/projects/vale/mlm/models/zoonomia-3utr/ntrans-v2-100m-3utr-f//log: No such file or directory
grep: /lustre/groups/epigenereg01/workspace/projects/vale/mlm/models/zoonomia-3utr/ntrans-v2-100m-3utr-f//log: No such file or directory
grep: /lustre/groups/epigenereg01/workspace/projects/vale/mlm/models/zoonomia-3utr/ntrans-v2-100m-3utr-f//log: No such file or directory
grep: /lustre/groups/epigenereg01/workspace/projects/vale/mlm/models/zoonomia-3utr/ntrans-v2-100m-3utr-f//log: No such file or directory
grep: /lustre/groups/epigenereg01/workspace/projects/vale/mlm/models/zoonomia-3utr/ntrans-v2-100m-3utr-f//log: No such file or directory
grep: /lustre/groups/epigenereg01/workspace/projects/vale/mlm/models/zoonomia-3utr/ntrans-v2-100m-3utr-f//log: No such file or directory
grep: /lustre/groups/epigenereg01/workspace/projects/vale/mlm/models/zoonomia-3utr/ntrans-v2-100m-3utr-f//log: No such file or directory
grep: /lustre/groups/epigenereg01/workspace/projects/vale/mlm/models/zoonomia-3utr/ntrans-v2-100m-3utr-f//log: No such file or directory
grep: /lustre/groups/epigenereg01/workspace/projects/vale/mlm/models/zoonomia-3utr/ntrans-v2-100m-3utr-f//log: No such file or directory
grep: /lustre/groups/epigenereg01/workspace/projects/vale/mlm/models/zoonomia-3utr/ntrans-v2-100m-3utr-f//log: No such file or directory
grep: /lustre/groups/epigenereg01/workspace/projects/vale/mlm/models/zoonomia-3utr/ntrans-v2-100m-3utr-f//log: No such file or directory
grep: /lustre/groups/epigenereg01/workspace/projects/vale/mlm/models/zoonomia-3utr/ntrans-v2-100m-3utr-f//log: No such file or directory
grep: /lustre/groups/epigenereg01/workspace/projects/vale/mlm/models/zoonomia-3utr/ntrans-v2-100m-3utr-f//log: No such file or directory
grep: /lustre/groups/epigenereg01/workspace/projects/vale/mlm/models/zoonomia-3utr/ntrans-v2-100m-3utr-f//log: No such file or directory
grep: /lustre/groups/epigenereg01/workspace/projects/vale/mlm/models/zoonomia-3utr/ntrans-v2-100m-3utr-f//log: No such file or directory
grep: /lustre/groups/epigenereg01/workspace/projects/vale/mlm/models/zoonomia-3utr/ntrans-v2-100m-3utr-f//log: No such file or directory
grep: /lustre/groups/epigenereg01/workspace/projects/vale/mlm/models/zoonomia-3utr/ntrans-v2-100m-3utr-f//log: No such file or directory
grep: /lustre/groups/epigenereg01/workspace/projects/vale/mlm/models/zoonomia-3utr/ntrans-v2-100m-3utr-f//log: No such file or directory
grep: /lustre/groups/epigenereg01/workspace/projects/vale/mlm/models/zoonomia-3utr/ntrans-v2-100m-3utr-f//log: No such file or directory
grep: /lustre/groups/epigenereg01/workspace/projects/vale/mlm/models/zoonomia-3utr/ntrans-v2-100m-3utr-f//log: No such file or directory
grep: /lustre/groups/epigenereg01/workspace/projects/vale/mlm/models/zoonomia-3utr/ntrans-v2-100m-3utr-f//log: No such file or directory
grep: /lustre/groups/epigenereg01/workspace/projects/vale/mlm/models/zoonomia-3utr/ntrans-v2-100m-3utr-f//log: No such file or directory
grep: /lustre/groups/epigenereg01/workspace/projects/vale/mlm/models/zoonomia-3utr/ntrans-v2-100m-3utr-f//log: No such file or directory
grep: /lustre/groups/epigenereg01/workspace/projects/vale/mlm/models/zoonomia-3utr/ntrans-v2-100m-3utr-f//log: No such file or directory
grep: /lustre/groups/epigenereg01/workspace/projects/vale/mlm/models/zoonomia-3utr/ntrans-v2-100m-3utr-f//log: No such file or directory
grep: /lustre/groups/epigenereg01/workspace/projects/vale/mlm/models/zoonomia-3utr/ntrans-v2-100m-3utr-f//log: No such file or directory
grep: /lustre/groups/epigenereg01/workspace/projects/vale/mlm/models/zoonomia-3utr/ntrans-v2-100m-3utr-f//log: No such file or directory
grep: /lustre/groups/epigenereg01/workspace/projects/vale/mlm/models/zoonomia-3utr/ntrans-v2-100m-3utr-f//log: No such file or directory
grep: /lustre/groups/epigenereg01/workspace/projects/vale/mlm/models/zoonomia-3utr/ntrans-v2-100m-3utr-f//log: No such file or directory
grep: /lustre/groups/epigenereg01/workspace/projects/vale/mlm/models/zoonomia-3utr/ntrans-v2-100m-3utr-f//log: No such file or directory
grep: /lustre/groups/epigenereg01/workspace/projects/vale/mlm/models/zoonomia-3utr/ntrans-v2-100m-3utr-f//log: No such file or directory
grep: /lustre/groups/epigenereg01/workspace/projects/vale/mlm/models/zoonomia-3utr/ntrans-v2-100m-3utr-f//log: No such file or directory
grep: /lustre/groups/epigenereg01/workspace/projects/vale/mlm/models/zoonomia-3utr/ntrans-v2-100m-3utr-f//log: No such file or directory
grep: /lustre/groups/epigenereg01/workspace/projects/vale/mlm/models/zoonomia-3utr/ntrans-v2-100m-3utr-f//log: No such file or directory
grep: /lustre/groups/epigenereg01/workspace/projects/vale/mlm/models/zoonomia-3utr/ntrans-v2-100m-3utr-f//log: No such file or directory
grep: /lustre/groups/epigenereg01/workspace/projects/vale/mlm/models/zoonomia-3utr/ntrans-v2-100m-3utr-f//log: No such file or directory
grep: /lustre/groups/epigenereg01/workspace/projects/vale/mlm/models/zoonomia-3utr/ntrans-v2-100m-3utr-f//log: No such file or directory
grep: /lustre/groups/epigenereg01/workspace/projects/vale/mlm/models/zoonomia-3utr/ntrans-v2-100m-3utr-f//log: No such file or directory
grep: /lustre/groups/epigenereg01/workspace/projects/vale/mlm/models/zoonomia-3utr/ntrans-v2-100m-3utr-f//log: No such file or directory
grep: /lustre/groups/epigenereg01/workspace/projects/vale/mlm/models/zoonomia-3utr/ntrans-v2-100m-3utr-f//log: No such file or directory
grep: /lustre/groups/epigenereg01/workspace/projects/vale/mlm/models/zoonomia-3utr/ntrans-v2-100m-3utr-f//log: No such file or directory
grep: /lustre/groups/epigenereg01/workspace/projects/vale/mlm/models/zoonomia-3utr/ntrans-v2-100m-3utr-f//log: No such file or directory
grep: /lustre/groups/epigenereg01/workspace/projects/vale/mlm/models/zoonomia-3utr/ntrans-v2-100m-3utr-f//log: No such file or directory
grep: /lustre/groups/epigenereg01/workspace/projects/vale/mlm/models/zoonomia-3utr/ntrans-v2-100m-3utr-f//log: No such file or directory
grep: /lustre/groups/epigenereg01/workspace/projects/vale/mlm/models/zoonomia-3utr/ntrans-v2-100m-3utr-f//log: No such file or directory
grep: /lustre/groups/epigenereg01/workspace/projects/vale/mlm/models/zoonomia-3utr/ntrans-v2-100m-3utr-f//log: No such file or directory
grep: /lustre/groups/epigenereg01/workspace/projects/vale/mlm/models/zoonomia-3utr/ntrans-v2-100m-3utr-f//log: No such file or directory
grep: /lustre/groups/epigenereg01/workspace/projects/vale/mlm/models/zoonomia-3utr/ntrans-v2-100m-3utr-f//log: No such file or directory
grep: /lustre/groups/epigenereg01/workspace/projects/vale/mlm/models/zoonomia-3utr/ntrans-v2-100m-3utr-f//log: No such file or directory
grep: /lustre/groups/epigenereg01/workspace/projects/vale/mlm/models/zoonomia-3utr/ntrans-v2-100m-3utr-f//log: No such file or directory
grep: /lustre/groups/epigenereg01/workspace/projects/vale/mlm/models/zoonomia-3utr/ntrans-v2-100m-3utr-f//log: No such file or directory
grep: /lustre/groups/epigenereg01/workspace/projects/vale/mlm/models/zoonomia-3utr/ntrans-v2-100m-3utr-f//log: No such file or directory
grep: /lustre/groups/epigenereg01/workspace/projects/vale/mlm/models/zoonomia-3utr/ntrans-v2-100m-3utr-f//log: No such file or directory
grep: /lustre/groups/epigenereg01/workspace/projects/vale/mlm/models/zoonomia-3utr/ntrans-v2-100m-3utr-f//log: No such file or directory
grep: /lustre/groups/epigenereg01/workspace/projects/vale/mlm/models/zoonomia-3utr/ntrans-v2-100m-3utr-f//log: No such file or directory
grep: /lustre/groups/epigenereg01/workspace/projects/vale/mlm/models/zoonomia-3utr/ntrans-v2-100m-3utr-f//log: No such file or directory
grep: /lustre/groups/epigenereg01/workspace/projects/vale/mlm/models/zoonomia-3utr/ntrans-v2-100m-3utr-f//log: No such file or directory
grep: /lustre/groups/epigenereg01/workspace/projects/vale/mlm/models/zoonomia-3utr/ntrans-v2-100m-3utr-f//log: No such file or directory
grep: /lustre/groups/epigenereg01/workspace/projects/vale/mlm/models/zoonomia-3utr/ntrans-v2-100m-3utr-f//log: No such file or directory
grep: /lustre/groups/epigenereg01/workspace/projects/vale/mlm/models/zoonomia-3utr/ntrans-v2-100m-3utr-f//log: No such file or directory
grep: /lustre/groups/epigenereg01/workspace/projects/vale/mlm/models/zoonomia-3utr/ntrans-v2-100m-3utr-f//log: No such file or directory
grep: /lustre/groups/epigenereg01/workspace/projects/vale/mlm/models/zoonomia-3utr/ntrans-v2-100m-3utr-f//log: No such file or directory
grep: /lustre/groups/epigenereg01/workspace/projects/vale/mlm/models/zoonomia-3utr/ntrans-v2-100m-3utr-f//log: No such file or directory
grep: /lustre/groups/epigenereg01/workspace/projects/vale/mlm/models/zoonomia-3utr/ntrans-v2-100m-3utr-f//log: No such file or directory
grep: /lustre/groups/epigenereg01/workspace/projects/vale/mlm/models/zoonomia-3utr/ntrans-v2-100m-3utr-f//log: No such file or directory
grep: /lustre/groups/epigenereg01/workspace/projects/vale/mlm/models/zoonomia-3utr/ntrans-v2-100m-3utr-f//log: No such file or directory
grep: /lustre/groups/epigenereg01/workspace/projects/vale/mlm/models/zoonomia-3utr/ntrans-v2-100m-3utr-f//log: No such file or directory
grep: /lustre/groups/epigenereg01/workspace/projects/vale/mlm/models/zoonomia-3utr/ntrans-v2-100m-3utr-f//log: No such file or directory
grep: /lustre/groups/epigenereg01/workspace/projects/vale/mlm/models/zoonomia-3utr/ntrans-v2-100m-3utr-f//log: No such file or directory
grep: /lustre/groups/epigenereg01/workspace/projects/vale/mlm/models/zoonomia-3utr/ntrans-v2-100m-3utr-f//log: No such file or directory
grep: /lustre/groups/epigenereg01/workspace/projects/vale/mlm/models/zoonomia-3utr/ntrans-v2-100m-3utr-f//log: No such file or directory
grep: /lustre/groups/epigenereg01/workspace/projects/vale/mlm/models/zoonomia-3utr/ntrans-v2-100m-3utr-f//log: No such file or directory
grep: /lustre/groups/epigenereg01/workspace/projects/vale/mlm/models/zoonomia-3utr/ntrans-v2-100m-3utr-f//log: No such file or directory
grep: /lustre/groups/epigenereg01/workspace/projects/vale/mlm/models/zoonomia-3utr/ntrans-v2-100m-3utr-f//log: No such file or directory
grep: /lustre/groups/epigenereg01/workspace/projects/vale/mlm/models/zoonomia-3utr/ntrans-v2-100m-3utr-f//log: No such file or directory
grep: /lustre/groups/epigenereg01/workspace/projects/vale/mlm/models/zoonomia-3utr/ntrans-v2-100m-3utr-f//log: No such file or directory
grep: /lustre/groups/epigenereg01/workspace/projects/vale/mlm/models/zoonomia-3utr/ntrans-v2-100m-3utr-f//log: No such file or directory
grep: /lustre/groups/epigenereg01/workspace/projects/vale/mlm/models/zoonomia-3utr/ntrans-v2-100m-3utr-f//log: No such file or directory
grep: /lustre/groups/epigenereg01/workspace/projects/vale/mlm/models/zoonomia-3utr/ntrans-v2-100m-3utr-f//log: No such file or directory
grep: /lustre/groups/epigenereg01/workspace/projects/vale/mlm/models/zoonomia-3utr/ntrans-v2-100m-3utr-f//log: No such file or directory
grep: /lustre/groups/epigenereg01/workspace/projects/vale/mlm/models/zoonomia-3utr/ntrans-v2-100m-3utr-f//log: No such file or directory
grep: /lustre/groups/epigenereg01/workspace/projects/vale/mlm/models/zoonomia-3utr/ntrans-v2-100m-3utr-f//log: No such file or directory
grep: /lustre/groups/epigenereg01/workspace/projects/vale/mlm/models/zoonomia-3utr/ntrans-v2-100m-3utr-f//log: No such file or directory
grep: /lustre/groups/epigenereg01/workspace/projects/vale/mlm/models/zoonomia-3utr/ntrans-v2-100m-3utr-f//log: No such file or directory
grep: /lustre/groups/epigenereg01/workspace/projects/vale/mlm/models/zoonomia-3utr/ntrans-v2-100m-3utr-f//log: No such file or directory
grep: /lustre/groups/epigenereg01/workspace/projects/vale/mlm/models/zoonomia-3utr/ntrans-v2-100m-3utr-f//log: No such file or directory
grep: /lustre/groups/epigenereg01/workspace/projects/vale/mlm/models/zoonomia-3utr/ntrans-v2-100m-3utr-f//log: No such file or directory
grep: /lustre/groups/epigenereg01/workspace/projects/vale/mlm/models/zoonomia-3utr/ntrans-v2-100m-3utr-f//log: No such file or directory
grep: /lustre/groups/epigenereg01/workspace/projects/vale/mlm/models/zoonomia-3utr/ntrans-v2-100m-3utr-f//log: No such file or directory
grep: /lustre/groups/epigenereg01/workspace/projects/vale/mlm/models/zoonomia-3utr/ntrans-v2-100m-3utr-f//log: No such file or directory
grep: /lustre/groups/epigenereg01/workspace/projects/vale/mlm/models/zoonomia-3utr/ntrans-v2-100m-3utr-f//log: No such file or directory
grep: /lustre/groups/epigenereg01/workspace/projects/vale/mlm/models/zoonomia-3utr/ntrans-v2-100m-3utr-f//log: No such file or directory
grep: /lustre/groups/epigenereg01/workspace/projects/vale/mlm/models/zoonomia-3utr/ntrans-v2-100m-3utr-f//log: No such file or directory
grep: /lustre/groups/epigenereg01/workspace/projects/vale/mlm/models/zoonomia-3utr/ntrans-v2-100m-3utr-f//log: No such file or directory
grep: /lustre/groups/epigenereg01/workspace/projects/vale/mlm/models/zoonomia-3utr/ntrans-v2-100m-3utr-f//log: No such file or directory
grep: /lustre/groups/epigenereg01/workspace/projects/vale/mlm/models/zoonomia-3utr/ntrans-v2-100m-3utr-f//log: No such file or directory
grep: /lustre/groups/epigenereg01/workspace/projects/vale/mlm/models/zoonomia-3utr/ntrans-v2-100m-3utr-f//log: No such file or directory
grep: /lustre/groups/epigenereg01/workspace/projects/vale/mlm/models/zoonomia-3utr/ntrans-v2-100m-3utr-f//log: No such file or directory
grep: /lustre/groups/epigenereg01/workspace/projects/vale/mlm/models/zoonomia-3utr/ntrans-v2-100m-3utr-f//log: No such file or directory
grep: /lustre/groups/epigenereg01/workspace/projects/vale/mlm/models/zoonomia-3utr/ntrans-v2-100m-3utr-f//log: No such file or directory
grep: /lustre/groups/epigenereg01/workspace/projects/vale/mlm/models/zoonomia-3utr/ntrans-v2-100m-3utr-f//log: No such file or directory
grep: /lustre/groups/epigenereg01/workspace/projects/vale/mlm/models/zoonomia-3utr/ntrans-v2-100m-3utr-f//log: No such file or directory
grep: /lustre/groups/epigenereg01/workspace/projects/vale/mlm/models/zoonomia-3utr/ntrans-v2-100m-3utr-f//log: No such file or directory
grep: /lustre/groups/epigenereg01/workspace/projects/vale/mlm/models/zoonomia-3utr/ntrans-v2-100m-3utr-f//log: No such file or directory
grep: /lustre/groups/epigenereg01/workspace/projects/vale/mlm/models/zoonomia-3utr/ntrans-v2-100m-3utr-f//log: No such file or directory
grep: /lustre/groups/epigenereg01/workspace/projects/vale/mlm/models/zoonomia-3utr/ntrans-v2-100m-3utr-f//log: No such file or directory
grep: /lustre/groups/epigenereg01/workspace/projects/vale/mlm/models/zoonomia-3utr/ntrans-v2-100m-3utr-f//log: No such file or directory
grep: /lustre/groups/epigenereg01/workspace/projects/vale/mlm/models/zoonomia-3utr/ntrans-v2-100m-3utr-f//log: No such file or directory
grep: /lustre/groups/epigenereg01/workspace/projects/vale/mlm/models/zoonomia-3utr/ntrans-v2-100m-3utr-f//log: No such file or directory
grep: /lustre/groups/epigenereg01/workspace/projects/vale/mlm/models/zoonomia-3utr/ntrans-v2-100m-3utr-f//log: No such file or directory
exiting due to job error messages, see /lustre/groups/epigenereg01/workspace/projects/vale/mlm/models/zoonomia-3utr/ntrans-v2-100m-3utr-f//log
